[tracee (lib)] The virtual address of insert_machine_code() is: 0x7f56c89f2d67
sysbench 1.0.18 (using system LuaJIT 2.1.0-beta3)

Initializing worker threads...

Creating table 'sbtest3'...
Creating table 'sbtest1'...
Creating table 'sbtest2'...
Creating table 'sbtest4'...
Inserting 10000 records into 'sbtest3'
Inserting 10000 records into 'sbtest1'
Inserting 10000 records into 'sbtest4'
Inserting 10000 records into 'sbtest2'
Creating a secondary index on 'sbtest2'...
Creating a secondary index on 'sbtest3'...
Creating a secondary index on 'sbtest1'...
Creating a secondary index on 'sbtest4'...
[tracer] connection from 127.0.0.1
[tracer] the received address is: 0x7f56c89f2d67
BOLT-INFO: shared object or position-independent executable detected
PERF2BOLT: Starting data aggregation job for /home/wlmu/ocolos-public/ocolos_data/perf.data
PERF2BOLT: spawning perf job to read branch events
PERF2BOLT: spawning perf job to read mem events
PERF2BOLT: spawning perf job to read process events
PERF2BOLT: spawning perf job to read task events
BOLT-INFO: Target architecture: x86_64
BOLT-INFO: BOLT version: <unknown>
BOLT-INFO: first alloc address is 0x0
BOLT-INFO: creating new program header table at address 0x4c00000, offset 0x4c00000
BOLT-INFO: enabling relocation mode
BOLT-INFO: enabling strict relocation mode for aggregation purposes
BOLT-INFO: pre-processing profile using perf data aggregator
BOLT-INFO: binary build-id is:     9b96e463797b97b1717a7f7d05d9e195a3cec9c8
PERF2BOLT: spawning perf job to read buildid list
PERF2BOLT: matched build-id and file name
PERF2BOLT: waiting for perf mmap events collection to finish...
PERF2BOLT: parsing perf-script mmap events output
PERF2BOLT: waiting for perf task events collection to finish...
PERF2BOLT: parsing perf-script task events output
PERF2BOLT: input binary is associated with 1 PID(s)
PERF2BOLT: waiting for perf events collection to finish...
PERF2BOLT: parse branch events...
PERF2BOLT: read 839822 samples and 26657669 LBR entries
PERF2BOLT: 0 samples (0.0%) were ignored
PERF2BOLT: traces mismatching disassembled function contents: 17651 (0.1%)
PERF2BOLT: out of range traces involving unknown regions: 4833601 (18.7%)
BOLT-INFO: forcing -jump-tables=move as PIC jump table was detected in function signal_hand
PERF2BOLT: processing branch events...
PERF2BOLT: wrote 12870 objects and 0 memory objects to /home/wlmu/ocolos-public/ocolos_data/perf.fdata
[tracer(time)] perf2bolt took 52.353939 seconds to execute 
[tracer] 0 functions was moved (functions reordered) by BOLT
[tracer(time)] llvm-bolt took 15.435088 seconds to execute 

-------------call stack------------
460013
[tracer] 0x7f56c817099f : (__poll+0x4f) 
		[sp=0x7ffd0bb65790]
[tracer] 0x55977801f38b : (_fini+0x4f) 
		[sp=0x7ffd0bb657c0]
[tracer] 0x55977795af69 : (_fini+0x4f) 
		[sp=0x7ffd0bb657d0]
[tracer] 0x7f56c8082083 : (__libc_start_main+0xf3) 
		[sp=0x7ffd0bb657e0]
[tracer] 0x55977795af69 : (_fini+0xf3) 
		[sp=0x7ffd0bb658b0]
[tracer] 0x559786279f90 : (+0xf3) 
		[sp=0x7ffd0bb658c0]
460017
[tracer] 0x7f56c89d0376 : (pthread_cond_wait+0x216) 
		[sp=0x7f56ba392780]
[tracer] 0x5597792a12a6 : (_fini+0x216) 
		[sp=0x7f56ba392850]
[tracer] 0x5597792994b4 : (_fini+0x216) 
		[sp=0x7f56ba392860]
[tracer] 0x55977901236a : (_fini+0x216) 
		[sp=0x7f56ba392870]
[tracer] 0x55977936e6f8 : (_fini+0x216) 
		[sp=0x7f56ba392880]
[tracer] 0x55977936e808 : (_fini+0x216) 
		[sp=0x7f56ba392890]
[tracer] 0x7f56c8492de4 : (_ZNKSt10error_code23default_error_conditionEv+0x34) 
		[sp=0x7f56ba3928a0]
[tracer] 0x7f56ba3929f8 : (+0x34) 
		[sp=0x7f56ba3928c0]
460018
[tracer] 0x7f56c89d0376 : (pthread_cond_wait+0x216) 
		[sp=0x7f56b9128780]
[tracer] 0x5597792a12a6 : (_fini+0x216) 
		[sp=0x7f56b9128850]
[tracer] 0x5597792994b4 : (_fini+0x216) 
		[sp=0x7f56b9128860]
[tracer] 0x55977901236a : (_fini+0x216) 
		[sp=0x7f56b9128870]
[tracer] 0x55977936e6f8 : (_fini+0x216) 
		[sp=0x7f56b9128880]
[tracer] 0x55977936e808 : (_fini+0x216) 
		[sp=0x7f56b9128890]
[tracer] 0x7f56c8492de4 : (_ZNKSt10error_code23default_error_conditionEv+0x34) 
		[sp=0x7f56b91288a0]
[tracer] 0x7f56b91289f8 : (+0x34) 
		[sp=0x7f56b91288c0]
460019
[tracer] 0x7f56c89d0376 : (pthread_cond_wait+0x216) 
		[sp=0x7f56b8927780]
[tracer] 0x5597792a12a6 : (_fini+0x216) 
		[sp=0x7f56b8927850]
[tracer] 0x5597792994b4 : (_fini+0x216) 
		[sp=0x7f56b8927860]
[tracer] 0x55977901236a : (_fini+0x216) 
		[sp=0x7f56b8927870]
[tracer] 0x55977936e6f8 : (_fini+0x216) 
		[sp=0x7f56b8927880]
[tracer] 0x55977936e808 : (_fini+0x216) 
		[sp=0x7f56b8927890]
[tracer] 0x7f56c8492de4 : (_ZNKSt10error_code23default_error_conditionEv+0x34) 
		[sp=0x7f56b89278a0]
[tracer] 0x7f56b89279f8 : (+0x34) 
		[sp=0x7f56b89278c0]
460020
[tracer] 0x7f56c89d0376 : (pthread_cond_wait+0x216) 
		[sp=0x7f56a3d1d780]
[tracer] 0x5597792a12a6 : (_fini+0x216) 
		[sp=0x7f56a3d1d850]
[tracer] 0x5597792994b4 : (_fini+0x216) 
		[sp=0x7f56a3d1d860]
[tracer] 0x55977901236a : (_fini+0x216) 
		[sp=0x7f56a3d1d870]
[tracer] 0x55977936e6f8 : (_fini+0x216) 
		[sp=0x7f56a3d1d880]
[tracer] 0x55977936e808 : (_fini+0x216) 
		[sp=0x7f56a3d1d890]
[tracer] 0x7f56c8492de4 : (_ZNKSt10error_code23default_error_conditionEv+0x34) 
		[sp=0x7f56a3d1d8a0]
[tracer] 0x7f56a3d1d9f8 : (+0x34) 
		[sp=0x7f56a3d1d8c0]
460021
[tracer] 0x7f56c89d0376 : (pthread_cond_wait+0x216) 
		[sp=0x7f56a351c780]
[tracer] 0x5597792a12a6 : (_fini+0x216) 
		[sp=0x7f56a351c850]
[tracer] 0x5597792994b4 : (_fini+0x216) 
		[sp=0x7f56a351c860]
[tracer] 0x55977901236a : (_fini+0x216) 
		[sp=0x7f56a351c870]
[tracer] 0x55977936e6f8 : (_fini+0x216) 
		[sp=0x7f56a351c880]
[tracer] 0x55977936e808 : (_fini+0x216) 
		[sp=0x7f56a351c890]
[tracer] 0x7f56c8492de4 : (_ZNKSt10error_code23default_error_conditionEv+0x34) 
		[sp=0x7f56a351c8a0]
[tracer] 0x7f56a351c9f8 : (+0x34) 
		[sp=0x7f56a351c8c0]
460022
[tracer] 0x7f56c89d0376 : (pthread_cond_wait+0x216) 
		[sp=0x7f56a2d1b780]
[tracer] 0x5597792a12a6 : (_fini+0x216) 
		[sp=0x7f56a2d1b850]
[tracer] 0x5597792994b4 : (_fini+0x216) 
		[sp=0x7f56a2d1b860]
[tracer] 0x55977901236a : (_fini+0x216) 
		[sp=0x7f56a2d1b870]
[tracer] 0x55977936e6f8 : (_fini+0x216) 
		[sp=0x7f56a2d1b880]
[tracer] 0x55977936e808 : (_fini+0x216) 
		[sp=0x7f56a2d1b890]
[tracer] 0x7f56c8492de4 : (_ZNKSt10error_code23default_error_conditionEv+0x34) 
		[sp=0x7f56a2d1b8a0]
[tracer] 0x7f56a2d1b9f8 : (+0x34) 
		[sp=0x7f56a2d1b8c0]
460023
[tracer] 0x7f56c89d0376 : (pthread_cond_wait+0x216) 
		[sp=0x7f56a251a780]
[tracer] 0x5597792a12a6 : (_fini+0x216) 
		[sp=0x7f56a251a850]
[tracer] 0x5597792994b4 : (_fini+0x216) 
		[sp=0x7f56a251a860]
[tracer] 0x55977901236a : (_fini+0x216) 
		[sp=0x7f56a251a870]
[tracer] 0x55977936e6f8 : (_fini+0x216) 
		[sp=0x7f56a251a880]
[tracer] 0x55977936e808 : (_fini+0x216) 
		[sp=0x7f56a251a890]
[tracer] 0x7f56c8492de4 : (_ZNKSt10error_code23default_error_conditionEv+0x34) 
		[sp=0x7f56a251a8a0]
[tracer] 0x7f56a251a9f8 : (+0x34) 
		[sp=0x7f56a251a8c0]
460024
[tracer] 0x7f56c89d0376 : (pthread_cond_wait+0x216) 
		[sp=0x7f56a1d19780]
[tracer] 0x5597792a12a6 : (_fini+0x216) 
		[sp=0x7f56a1d19850]
[tracer] 0x5597792994b4 : (_fini+0x216) 
		[sp=0x7f56a1d19860]
[tracer] 0x55977901236a : (_fini+0x216) 
		[sp=0x7f56a1d19870]
[tracer] 0x55977936e6f8 : (_fini+0x216) 
		[sp=0x7f56a1d19880]
[tracer] 0x55977936e808 : (_fini+0x216) 
		[sp=0x7f56a1d19890]
[tracer] 0x7f56c8492de4 : (_ZNKSt10error_code23default_error_conditionEv+0x34) 
		[sp=0x7f56a1d198a0]
[tracer] 0x7f56a1d199f8 : (+0x34) 
		[sp=0x7f56a1d198c0]
460025
[tracer] 0x7f56c89d0376 : (pthread_cond_wait+0x216) 
		[sp=0x7f56a1518780]
[tracer] 0x5597792a12a6 : (_fini+0x216) 
		[sp=0x7f56a1518850]
[tracer] 0x5597792994b4 : (_fini+0x216) 
		[sp=0x7f56a1518860]
[tracer] 0x55977901236a : (_fini+0x216) 
		[sp=0x7f56a1518870]
[tracer] 0x55977936e6f8 : (_fini+0x216) 
		[sp=0x7f56a1518880]
[tracer] 0x55977936e808 : (_fini+0x216) 
		[sp=0x7f56a1518890]
[tracer] 0x7f56c8492de4 : (_ZNKSt10error_code23default_error_conditionEv+0x34) 
		[sp=0x7f56a15188a0]
[tracer] 0x7f56a15189f8 : (+0x34) 
		[sp=0x7f56a15188c0]
460026
[tracer] 0x7f56c89d0376 : (pthread_cond_wait+0x216) 
		[sp=0x7f56a0d17780]
[tracer] 0x5597792a12a6 : (_fini+0x216) 
		[sp=0x7f56a0d17850]
[tracer] 0x5597792994b4 : (_fini+0x216) 
		[sp=0x7f56a0d17860]
[tracer] 0x55977901236a : (_fini+0x216) 
		[sp=0x7f56a0d17870]
[tracer] 0x55977936e6f8 : (_fini+0x216) 
		[sp=0x7f56a0d17880]
[tracer] 0x55977936e808 : (_fini+0x216) 
		[sp=0x7f56a0d17890]
[tracer] 0x7f56c8492de4 : (_ZNKSt10error_code23default_error_conditionEv+0x34) 
		[sp=0x7f56a0d178a0]
[tracer] 0x7f56a0d179f8 : (+0x34) 
		[sp=0x7f56a0d178c0]
460027
[tracer] 0x7f56c89d07d1 : (pthread_cond_timedwait+0x271) 
		[sp=0x7f5683ffc640]
[tracer] 0x5597792a210a : (_fini+0x271) 
		[sp=0x7f5683ffc720]
[tracer] 0x5597792a22a1 : (_fini+0x271) 
		[sp=0x7f5683ffc730]
[tracer] 0x559778fd84af : (_fini+0x271) 
		[sp=0x7f5683ffc740]
[tracer] 0x559778fc9e94 : (_fini+0x271) 
		[sp=0x7f5683ffc750]
[tracer] 0x7f56c8492de4 : (_ZNKSt10error_code23default_error_conditionEv+0x34) 
		[sp=0x7f5683ffc760]
[tracer] 0x1e : (+0x34) 
		[sp=0x7f5683ffc780]
460029
[tracer] 0x7f56c89d07d1 : (pthread_cond_timedwait+0x271) 
		[sp=0x7f5680ffa840]
[tracer] 0x5597792a210a : (_fini+0x271) 
		[sp=0x7f5680ffa920]
[tracer] 0x5597792a22a1 : (_fini+0x271) 
		[sp=0x7f5680ffa930]
[tracer] 0x55977921c990 : (_fini+0x271) 
		[sp=0x7f5680ffa940]
[tracer] 0x5597792408b8 : (_fini+0x271) 
		[sp=0x7f5680ffa950]
[tracer] 0x7f56c8492de4 : (_ZNKSt10error_code23default_error_conditionEv+0x34) 
		[sp=0x7f5680ffa960]
[tracer] 0x1e : (+0x34) 
		[sp=0x7f5680ffa980]
460030
[tracer] 0x7f56c89d07d1 : (pthread_cond_timedwait+0x271) 
		[sp=0x7f5677ffe800]
[tracer] 0x5597792a210a : (_fini+0x271) 
		[sp=0x7f5677ffe8e0]
[tracer] 0x5597792a22a1 : (_fini+0x271) 
		[sp=0x7f5677ffe8f0]
[tracer] 0x559779278d39 : (_fini+0x271) 
		[sp=0x7f5677ffe900]
[tracer] 0x5597792408b8 : (_fini+0x271) 
		[sp=0x7f5677ffe910]
[tracer] 0x7f56c8492de4 : (_ZNKSt10error_code23default_error_conditionEv+0x34) 
		[sp=0x7f5677ffe920]
[tracer] 0x7f56c1b46a0c : (+0x34) 
		[sp=0x7f5677ffe940]
460031
[tracer] 0x7f56c89d07d1 : (pthread_cond_timedwait+0x271) 
		[sp=0x7f56777fd810]
[tracer] 0x5597792a210a : (_fini+0x271) 
		[sp=0x7f56777fd8f0]
[tracer] 0x5597792a22a1 : (_fini+0x271) 
		[sp=0x7f56777fd900]
[tracer] 0x559779277b17 : (_fini+0x271) 
		[sp=0x7f56777fd910]
[tracer] 0x5597792408b8 : (_fini+0x271) 
		[sp=0x7f56777fd920]
[tracer] 0x7f56c8492de4 : (_ZNKSt10error_code23default_error_conditionEv+0x34) 
		[sp=0x7f56777fd930]
[tracer] 0x7f56b5d69318 : (+0x34) 
		[sp=0x7f56777fd950]
460032
[tracer] 0x7f56c89d07d1 : (pthread_cond_timedwait+0x271) 
		[sp=0x7f5676ffc810]
[tracer] 0x5597792a210a : (_fini+0x271) 
		[sp=0x7f5676ffc8f0]
[tracer] 0x5597792a22a1 : (_fini+0x271) 
		[sp=0x7f5676ffc900]
[tracer] 0x559779279cf9 : (_fini+0x271) 
		[sp=0x7f5676ffc910]
[tracer] 0x5597792408b8 : (_fini+0x271) 
		[sp=0x7f5676ffc920]
[tracer] 0x7f56c8492de4 : (_ZNKSt10error_code23default_error_conditionEv+0x34) 
		[sp=0x7f5676ffc930]
[tracer] 0x7f56c1b48c1b : (+0x34) 
		[sp=0x7f5676ffc950]
460033
[tracer] 0x7f56c89d07d1 : (pthread_cond_timedwait+0x271) 
		[sp=0x7f56767fb7d0]
[tracer] 0x5597792a210a : (_fini+0x271) 
		[sp=0x7f56767fb8b0]
[tracer] 0x5597792a22a1 : (_fini+0x271) 
		[sp=0x7f56767fb8c0]
[tracer] 0x55977927f511 : (_fini+0x271) 
		[sp=0x7f56767fb8d0]
[tracer] 0x5597792408b8 : (_fini+0x271) 
		[sp=0x7f56767fb8e0]
[tracer] 0x7f56c8492de4 : (_ZNKSt10error_code23default_error_conditionEv+0x34) 
		[sp=0x7f56767fb8f0]
[tracer] 0xb5d69208 : (+0x34) 
		[sp=0x7f56767fb910]
460034
[tracer] 0x7f56c89d07d1 : (pthread_cond_timedwait+0x271) 
		[sp=0x7f5675ffa850]
[tracer] 0x5597792a210a : (_fini+0x271) 
		[sp=0x7f5675ffa930]
[tracer] 0x5597792a22a1 : (_fini+0x271) 
		[sp=0x7f5675ffa940]
[tracer] 0x559779237345 : (_fini+0x271) 
		[sp=0x7f5675ffa950]
[tracer] 0x5597792408b8 : (_fini+0x271) 
		[sp=0x7f5675ffa960]
[tracer] 0x7f56c8492de4 : (_ZNKSt10error_code23default_error_conditionEv+0x34) 
		[sp=0x7f5675ffa970]
[tracer] 0x55977922dc71 : (_fini+0x34) 
		[sp=0x7f5675ffa990]
460039
[tracer] 0x7f56c89d07d1 : (pthread_cond_timedwait+0x271) 
		[sp=0x7f566fffe750]
[tracer] 0x5597792a210a : (_fini+0x271) 
		[sp=0x7f566fffe830]
[tracer] 0x5597792a22a1 : (_fini+0x271) 
		[sp=0x7f566fffe840]
[tracer] 0x5597792125f4 : (_fini+0x271) 
		[sp=0x7f566fffe850]
[tracer] 0x559778fc9e94 : (_fini+0x271) 
		[sp=0x7f566fffe860]
[tracer] 0x7f56c8492de4 : (_ZNKSt10error_code23default_error_conditionEv+0x34) 
		[sp=0x7f566fffe870]
[tracer] 0x7f566fffe8d0 : (+0x34) 
		[sp=0x7f566fffe890]
460040
[tracer] 0x7f56c89d07d1 : (pthread_cond_timedwait+0x271) 
		[sp=0x7f56817f96a0]
[tracer] 0x5597792a210a : (_fini+0x271) 
		[sp=0x7f56817f9780]
[tracer] 0x5597792a22a1 : (_fini+0x271) 
		[sp=0x7f56817f9790]
[tracer] 0x559779363d75 : (_fini+0x271) 
		[sp=0x7f56817f97a0]
[tracer] 0x559778fc9e94 : (_fini+0x271) 
		[sp=0x7f56817f97b0]
[tracer] 0x7f56c8492de4 : (_ZNKSt10error_code23default_error_conditionEv+0x34) 
		[sp=0x7f56817f97c0]
[tracer] (nil) : (+0x34) 
		[sp=0x7f56817f97e0]
460041
[tracer] 0x7f56c89d07d1 : (pthread_cond_timedwait+0x271) 
		[sp=0x7f5674ff8860]
[tracer] 0x5597792a210a : (_fini+0x271) 
		[sp=0x7f5674ff8940]
[tracer] 0x5597792a22a1 : (_fini+0x271) 
		[sp=0x7f5674ff8950]
[tracer] 0x55977936d656 : (_fini+0x271) 
		[sp=0x7f5674ff8960]
[tracer] 0x559778fc9e94 : (_fini+0x271) 
		[sp=0x7f5674ff8970]
[tracer] 0x7f56c8492de4 : (_ZNKSt10error_code23default_error_conditionEv+0x34) 
		[sp=0x7f5674ff8980]
[tracer] (nil) : (+0x34) 
		[sp=0x7f5674ff89a0]
460042
[tracer] 0x7f56c89d0376 : (pthread_cond_wait+0x216) 
		[sp=0x7f56757f9950]
[tracer] 0x5597792a12a6 : (_fini+0x216) 
		[sp=0x7f56757f9a20]
[tracer] 0x559778feac6b : (_fini+0x216) 
		[sp=0x7f56757f9a30]
[tracer] 0x559778fc9e94 : (_fini+0x216) 
		[sp=0x7f56757f9a40]
[tracer] 0x7f56c8492de4 : (_ZNKSt10error_code23default_error_conditionEv+0x34) 
		[sp=0x7f56757f9a50]
[tracer] 0x1 : (+0x34) 
		[sp=0x7f56757f9a70]
460043
[tracer] 0x7f56c813b23f : (clock_nanosleep+0xdf) 
		[sp=0x7f566f7fdb20]
[tracer] 0x7f56c8140ec7 : (nanosleep+0x17) 
		[sp=0x7f566f7fdb90]
[tracer] 0x5597793683e5 : (_fini+0x17) 
		[sp=0x7f566f7fdba0]
[tracer] 0x559778fc9e94 : (_fini+0x17) 
		[sp=0x7f566f7fdbb0]
[tracer] 0x7f56c8492de4 : (_ZNKSt10error_code23default_error_conditionEv+0x34) 
		[sp=0x7f566f7fdbc0]
[tracer] 0x65ae1ecded09100 : (+0x34) 
		[sp=0x7f566f7fdbe0]
460044
[tracer] 0x7f56c89d07d1 : (pthread_cond_timedwait+0x271) 
		[sp=0x7f566effc850]
[tracer] 0x5597792a210a : (_fini+0x271) 
		[sp=0x7f566effc930]
[tracer] 0x5597792a22a1 : (_fini+0x271) 
		[sp=0x7f566effc940]
[tracer] 0x5597791ac05e : (_fini+0x271) 
		[sp=0x7f566effc950]
[tracer] 0x559778fc9e94 : (_fini+0x271) 
		[sp=0x7f566effc960]
[tracer] 0x7f56c8492de4 : (_ZNKSt10error_code23default_error_conditionEv+0x34) 
		[sp=0x7f566effc970]
[tracer] (nil) : (+0x34) 
		[sp=0x7f566effc990]
460045
[tracer] 0x7f56c89d07d1 : (pthread_cond_timedwait+0x271) 
		[sp=0x7f566e7fb5e0]
[tracer] 0x5597792a210a : (_fini+0x271) 
		[sp=0x7f566e7fb6c0]
[tracer] 0x5597792a22a1 : (_fini+0x271) 
		[sp=0x7f566e7fb6d0]
[tracer] 0x5597793e2d22 : (_fini+0x271) 
		[sp=0x7f566e7fb6e0]
[tracer] 0x559778f55ae7 : (_fini+0x271) 
		[sp=0x7f566e7fb6f0]
[tracer] 0x559778f4aea8 : (_fini+0x271) 
		[sp=0x7f566e7fb700]
[tracer] 0x7f56c8492de4 : (_ZNKSt10error_code23default_error_conditionEv+0x34) 
		[sp=0x7f566e7fb710]
[tracer] 0x65ae1ecded09100 : (+0x34) 
		[sp=0x7f566e7fb730]
460046
[tracer] 0x7f56c89d07d1 : (pthread_cond_timedwait+0x271) 
		[sp=0x7f56b992da10]
[tracer] 0x55977973ca05 : (_fini+0x271) 
		[sp=0x7f56b992daf0]
[tracer] 0x55977978b89f : (_fini+0x271) 
		[sp=0x7f56b992db00]
[tracer] 0x55977978c89d : (_fini+0x271) 
		[sp=0x7f56b992db10]
[tracer] 0x55977968c26d : (_fini+0x271) 
		[sp=0x7f56b992db20]
[tracer] 0x7f56c89c9609 : (start_thread+0xd9) 
		[sp=0x7f56b992db30]
[tracer] 0x559785f99160 : (+0xd9) 
		[sp=0x7f56b992dbf0]
460047
[tracer] 0x7f56c89d07d1 : (pthread_cond_timedwait+0x271) 
		[sp=0x7f56b8126a10]
[tracer] 0x55977973ca05 : (_fini+0x271) 
		[sp=0x7f56b8126af0]
[tracer] 0x55977978b89f : (_fini+0x271) 
		[sp=0x7f56b8126b00]
[tracer] 0x55977978c89d : (_fini+0x271) 
		[sp=0x7f56b8126b10]
[tracer] 0x55977968c26d : (_fini+0x271) 
		[sp=0x7f56b8126b20]
[tracer] 0x7f56c89c9609 : (start_thread+0xd9) 
		[sp=0x7f56b8126b30]
[tracer] 0x559785f99160 : (+0xd9) 
		[sp=0x7f56b8126bf0]
460048
[tracer] 0x7f56c89d0376 : (pthread_cond_wait+0x216) 
		[sp=0x7f56a0516980]
[tracer] 0x55977973c930 : (_fini+0x216) 
		[sp=0x7f56a0516a50]
[tracer] 0x55977973d6f5 : (_fini+0x216) 
		[sp=0x7f56a0516a60]
[tracer] 0x55977973dfd1 : (_fini+0x216) 
		[sp=0x7f56a0516a70]
[tracer] 0x559779792222 : (_fini+0x216) 
		[sp=0x7f56a0516a80]
[tracer] 0x559779792991 : (_fini+0x216) 
		[sp=0x7f56a0516a90]
[tracer] 0x55977978cb52 : (_fini+0x216) 
		[sp=0x7f56a0516aa0]
[tracer] 0x55977968c26d : (_fini+0x216) 
		[sp=0x7f56a0516ab0]
[tracer] 0x7f56c89c9609 : (start_thread+0xd9) 
		[sp=0x7f56a0516ac0]
[tracer] 0x65ae1ecded09100 : (+0xd9) 
		[sp=0x7f56a0516b80]
460052
[tracer] 0x7f56c89d0376 : (pthread_cond_wait+0x216) 
		[sp=0x7f56bb703b00]
[tracer] 0x5597792a12a6 : (_fini+0x216) 
		[sp=0x7f56bb703bd0]
[tracer] 0x5597790bb7d3 : (_fini+0x216) 
		[sp=0x7f56bb703be0]
[tracer] 0x559778fc9e94 : (_fini+0x216) 
		[sp=0x7f56bb703bf0]
[tracer] 0x7f56c8492de4 : (_ZNKSt10error_code23default_error_conditionEv+0x34) 
		[sp=0x7f56bb703c00]
[tracer] 0x559778fc9e94 : (_fini+0x34) 
		[sp=0x7f56bb703c20]
460053
[tracer] 0x7f56c89d07d1 : (pthread_cond_timedwait+0x271) 
		[sp=0x7f566dffa720]
[tracer] 0x5597792a210a : (_fini+0x271) 
		[sp=0x7f566dffa800]
[tracer] 0x5597792a22a1 : (_fini+0x271) 
		[sp=0x7f566dffa810]
[tracer] 0x5597790e48ef : (_fini+0x271) 
		[sp=0x7f566dffa820]
[tracer] 0x5597790df788 : (_fini+0x271) 
		[sp=0x7f566dffa830]
[tracer] 0x7f56c8492de4 : (_ZNKSt10error_code23default_error_conditionEv+0x34) 
		[sp=0x7f566dffa840]
[tracer] 0x41 : (+0x34) 
		[sp=0x7f566dffa860]
460054
[tracer] 0x7f56c89d0376 : (pthread_cond_wait+0x216) 
		[sp=0x7f566d7f9a30]
[tracer] 0x5597792a12a6 : (_fini+0x216) 
		[sp=0x7f566d7f9b00]
[tracer] 0x559779368d79 : (_fini+0x216) 
		[sp=0x7f566d7f9b10]
[tracer] 0x559778fc9e94 : (_fini+0x216) 
		[sp=0x7f566d7f9b20]
[tracer] 0x7f56c8492de4 : (_ZNKSt10error_code23default_error_conditionEv+0x34) 
		[sp=0x7f566d7f9b30]
[tracer] 0x1 : (+0x34) 
		[sp=0x7f566d7f9b50]
460055
[tracer] 0x7f56c89d0376 : (pthread_cond_wait+0x216) 
		[sp=0x7f566cff8a60]
[tracer] 0x5597792a12a6 : (_fini+0x216) 
		[sp=0x7f566cff8b30]
[tracer] 0x55977936a8b3 : (_fini+0x216) 
		[sp=0x7f566cff8b40]
[tracer] 0x559778fc9e94 : (_fini+0x216) 
		[sp=0x7f566cff8b50]
[tracer] 0x7f56c8492de4 : (_ZNKSt10error_code23default_error_conditionEv+0x34) 
		[sp=0x7f566cff8b60]
[tracer] 0x7f566cff8b98 : (+0x34) 
		[sp=0x7f566cff8b80]
460056
[tracer] 0x7f56c89d0376 : (pthread_cond_wait+0x216) 
		[sp=0x7f5653ffea60]
[tracer] 0x5597792a12a6 : (_fini+0x216) 
		[sp=0x7f5653ffeb30]
[tracer] 0x55977936a8b3 : (_fini+0x216) 
		[sp=0x7f5653ffeb40]
[tracer] 0x559778fc9e94 : (_fini+0x216) 
		[sp=0x7f5653ffeb50]
[tracer] 0x7f56c8492de4 : (_ZNKSt10error_code23default_error_conditionEv+0x34) 
		[sp=0x7f5653ffeb60]
[tracer] 0x7f5653ffeb98 : (+0x34) 
		[sp=0x7f5653ffeb80]
460057
[tracer] 0x7f56c89d0376 : (pthread_cond_wait+0x216) 
		[sp=0x7f56537fda60]
[tracer] 0x5597792a12a6 : (_fini+0x216) 
		[sp=0x7f56537fdb30]
[tracer] 0x55977936a8b3 : (_fini+0x216) 
		[sp=0x7f56537fdb40]
[tracer] 0x559778fc9e94 : (_fini+0x216) 
		[sp=0x7f56537fdb50]
[tracer] 0x7f56c8492de4 : (_ZNKSt10error_code23default_error_conditionEv+0x34) 
		[sp=0x7f56537fdb60]
[tracer] 0x7f56537fdb98 : (+0x34) 
		[sp=0x7f56537fdb80]
460061
[tracer] 0x7f56c89d0376 : (pthread_cond_wait+0x216) 
		[sp=0x7f56a04156b0]
[tracer] 0x55977802f641 : (_fini+0x216) 
		[sp=0x7f56a0415780]
[tracer] 0x55977802fb3f : (_fini+0x216) 
		[sp=0x7f56a0415790]
[tracer] 0x559778032cab : (_fini+0x216) 
		[sp=0x7f56a04157a0]
[tracer] 0x55977803330a : (_fini+0x216) 
		[sp=0x7f56a04157b0]
[tracer] 0x55977968c26d : (_fini+0x216) 
		[sp=0x7f56a04157c0]
[tracer] 0x7f56c89c9609 : (start_thread+0xd9) 
		[sp=0x7f56a04157d0]
[tracer] 0x559786271590 : (+0xd9) 
		[sp=0x7f56a0415890]
[tracer] 0x559784a7b940 : (+0xd9) 
		[sp=0x7f56a04158a0]
460062
[tracer] 0x7f56c80a21a2 : (__sigtimedwait+0xa2) 
		[sp=0x7f56a0313af0]
[tracer] 0x55977793e4db : (_fini+0xa2) 
		[sp=0x7f56a0313b20]
[tracer] 0x55977968c26d : (_fini+0xa2) 
		[sp=0x7f56a0313b30]
[tracer] 0x7f56c89c9609 : (start_thread+0xd9) 
		[sp=0x7f56a0313b40]
[tracer] (nil) : (+0xd9) 
		[sp=0x7f56a0313c00]
460063
[tracer] 0x7f56c817d46e : (epoll_wait+0x5e) 
		[sp=0x7f56a0211a70]
[tracer] 0x5597798056f5 : (_fini+0x5e) 
		[sp=0x7f56a0211aa0]
[tracer] 0x5597797fc2c8 : (_fini+0x5e) 
		[sp=0x7f56a0211ab0]
[tracer] 0x559779792222 : (_fini+0x5e) 
		[sp=0x7f56a0211ac0]
[tracer] 0x559779792991 : (_fini+0x5e) 
		[sp=0x7f56a0211ad0]
[tracer] 0x55977978cb52 : (_fini+0x5e) 
		[sp=0x7f56a0211ae0]
[tracer] 0x55977968c26d : (_fini+0x5e) 
		[sp=0x7f56a0211af0]
[tracer] 0x7f56c89c9609 : (start_thread+0xd9) 
		[sp=0x7f56a0211b00]
[tracer] 0x559786047fd0 : (+0xd9) 
		[sp=0x7f56a0211bc0]
460065
[tracer] 0x7f56c89d0376 : (pthread_cond_wait+0x216) 
		[sp=0x7f5652ffcb80]
[tracer] 0x5597789feb23 : (_fini+0x216) 
		[sp=0x7f5652ffcc50]
[tracer] 0x55977968c26d : (_fini+0x216) 
		[sp=0x7f5652ffcc60]
[tracer] 0x7f56c89c9609 : (start_thread+0xd9) 
		[sp=0x7f5652ffcc70]
[tracer] 0x7ffd0bb6573f : (+0xd9) 
		[sp=0x7f5652ffcd30]
460133
[tracer] 0x559779523430 : (_fini+0xd9) 
		[sp=0x7f56807f7388]
[tracer] 0x559777d62069 : (_fini+0xd9) 
		[sp=0x7f56807f7398]
[tracer] 0x559777d63c37 : (_fini+0xd9) 
		[sp=0x7f56807f73a8]
[tracer] 0x559777d65013 : (_fini+0xd9) 
		[sp=0x7f56807f73b8]
[tracer] 0x559777ef0a24 : (_fini+0xd9) 
		[sp=0x7f56807f73c8]
[tracer] 0x559777efa83e : (_fini+0xd9) 
		[sp=0x7f56807f73d8]
[tracer] 0x559777e87f37 : (_fini+0xd9) 
		[sp=0x7f56807f73e8]
[tracer] 0x559777e8cd10 : (_fini+0xd9) 
		[sp=0x7f56807f73f8]
[tracer] 0x559777e8f09f : (_fini+0xd9) 
		[sp=0x7f56807f7408]
[tracer] 0x559777e903a7 : (_fini+0xd9) 
		[sp=0x7f56807f7418]
[tracer] 0x55977801a128 : (_fini+0xd9) 
		[sp=0x7f56807f7428]
[tracer] 0x55977968c26d : (_fini+0xd9) 
		[sp=0x7f56807f7438]
[tracer] 0x7f56c89c9609 : (start_thread+0xd9) 
		[sp=0x7f56807f7448]
[tracer] 0x12 : (+0xd9) 
		[sp=0x7f56807f7508]
460142
[tracer] 0x559777eefc45 : (_fini+0xd9) 
		[sp=0x7f56806f6aa0]
[tracer] 0x559777e8f09f : (_fini+0xd9) 
		[sp=0x7f56806f6ab0]
[tracer] 0x559777e903a7 : (_fini+0xd9) 
		[sp=0x7f56806f6ac0]
[tracer] 0x55977801a128 : (_fini+0xd9) 
		[sp=0x7f56806f6ad0]
[tracer] 0x55977968c26d : (_fini+0xd9) 
		[sp=0x7f56806f6ae0]
[tracer] 0x7f56c89c9609 : (start_thread+0xd9) 
		[sp=0x7f56806f6af0]
[tracer] 0x559785eb5058 : (+0xd9) 
		[sp=0x7f56806f6bb0]
460143
[tracer] 0x7f56c894acc1 : (SSL_rstate_string+0x23c1) 
		[sp=0x7f56805f50a0]
[tracer] 0x7f56c8951c45 : (SSL_rstate_string+0x9345) 
		[sp=0x7f56805f5150]
[tracer] 0x7f56c895ca3f : (SSL_get_default_timeout+0x8f) 
		[sp=0x7f56805f51a0]
[tracer] 0x7f56c895cb47 : (SSL_read+0x27) 
		[sp=0x7f56805f5210]
[tracer] 0x55977985d5e3 : (_fini+0x27) 
		[sp=0x7f56805f5230]
[tracer] 0x559777fff796 : (_fini+0x27) 
		[sp=0x7f56805f5240]
[tracer] 0x559777fffdc1 : (_fini+0x27) 
		[sp=0x7f56805f5250]
[tracer] 0x55977800009f : (_fini+0x27) 
		[sp=0x7f56805f5260]
[tracer] 0x559777cb9ac0 : (_fini+0x27) 
		[sp=0x7f56805f5270]
[tracer] 0x559777cbc930 : (_fini+0x27) 
		[sp=0x7f56805f5280]
[tracer] 0x559777e902a2 : (_fini+0x27) 
		[sp=0x7f56805f5290]
[tracer] 0x55977801a128 : (_fini+0x27) 
		[sp=0x7f56805f52a0]
[tracer] 0x55977968c26d : (_fini+0x27) 
		[sp=0x7f56805f52b0]
[tracer] 0x7f56c89c9609 : (start_thread+0xd9) 
		[sp=0x7f56805f52c0]
[tracer] 0x5597796919b4 : (_fini+0xd9) 
		[sp=0x7f56805f5380]
460144
ERROR: couldn't find symbol for function address 0x35b2350
ERROR: couldn't find symbol for function address 0x395c830
ERROR: couldn't find symbol for function address 0x305e3e0
ERROR: couldn't find symbol for function address 0x36de100
ERROR: couldn't find symbol for function address 0x36de0e0
ERROR: couldn't find symbol for function address 0x36dde60
ERROR: couldn't find symbol for function address 0x36ddd60
ERROR: couldn't find symbol for function address 0x36d5030
ERROR: couldn't find symbol for function address 0x2676860
ERROR: couldn't find symbol for function address 0x30ddee0
ERROR: couldn't find symbol for function address 0x36cc300
ERROR: couldn't find symbol for function address 0x36ae340
ERROR: couldn't find symbol for function address 0x36ae250
ERROR: couldn't find symbol for function address 0x36ad3e0
ERROR: couldn't find symbol for function address 0x36ad2f0
ERROR: couldn't find symbol for function address 0x36a0d70
ERROR: couldn't find symbol for function address 0x369d9e0
ERROR: couldn't find symbol for function address 0x3696580
ERROR: couldn't find symbol for function address 0x3696540
ERROR: couldn't find symbol for function address 0x3696480
ERROR: couldn't find symbol for function address 0x3696460
ERROR: couldn't find symbol for function address 0x3694b30
ERROR: couldn't find symbol for function address 0x3694390
ERROR: couldn't find symbol for function address 0x36939d0
ERROR: couldn't find symbol for function address 0x368de30
ERROR: couldn't find symbol for function address 0x3688380
ERROR: couldn't find symbol for function address 0x3686040
ERROR: couldn't find symbol for function address 0x3685990
ERROR: couldn't find symbol for function address 0x3684200
ERROR: couldn't find symbol for function address 0x3683ca0
ERROR: couldn't find symbol for function address 0x366bb90
ERROR: couldn't find symbol for function address 0x3669750
ERROR: couldn't find symbol for function address 0x20eda30
ERROR: couldn't find symbol for function address 0x24df840
ERROR: couldn't find symbol for function address 0x398f030
ERROR: couldn't find symbol for function address 0x3659720
ERROR: couldn't find symbol for function address 0x3a3eb70
ERROR: couldn't find symbol for function address 0x2086f80
ERROR: couldn't find symbol for function address 0x26ef6d0
ERROR: couldn't find symbol for function address 0x3627f90
ERROR: couldn't find symbol for function address 0x3626640
ERROR: couldn't find symbol for function address 0x267c4c0
ERROR: couldn't find symbol for function address 0x1ff92a0
ERROR: couldn't find symbol for function address 0x360f890
ERROR: couldn't find symbol for function address 0x35ee8e0
ERROR: couldn't find symbol for function address 0x35ecec0
ERROR: couldn't find symbol for function address 0x35e4300
ERROR: couldn't find symbol for function address 0x2587f80
ERROR: couldn't find symbol for function address 0x35c3130
ERROR: couldn't find symbol for function address 0x35bfc50
ERROR: couldn't find symbol for function address 0x20eda90
ERROR: couldn't find symbol for function address 0x35bb500
ERROR: couldn't find symbol for function address 0x35b9b60
ERROR: couldn't find symbol for function address 0x35b9a50
ERROR: couldn't find symbol for function address 0x35b9920
ERROR: couldn't find symbol for function address 0x35b98b0
ERROR: couldn't find symbol for function address 0x35b9890
ERROR: couldn't find symbol for function address 0x261a140
ERROR: couldn't find symbol for function address 0x2619010
ERROR: couldn't find symbol for function address 0x35b34c0
ERROR: couldn't find symbol for function address 0x38e7a00
ERROR: couldn't find symbol for function address 0x35b2440
ERROR: couldn't find symbol for function address 0x240a0e0
ERROR: couldn't find symbol for function address 0x2376520
ERROR: couldn't find symbol for function address 0x23755d0
ERROR: couldn't find symbol for function address 0x397e7c0
ERROR: couldn't find symbol for function address 0x24bafd0
ERROR: couldn't find symbol for function address 0x24b8890
ERROR: couldn't find symbol for function address 0x3a1cdf0
ERROR: couldn't find symbol for function address 0x268cf00
ERROR: couldn't find symbol for function address 0x3d624a0
ERROR: couldn't find symbol for function address 0x2491e70
ERROR: couldn't find symbol for function address 0x2492600
ERROR: couldn't find symbol for function address 0x3aa8720
ERROR: couldn't find symbol for function address 0x24c82b0
ERROR: couldn't find symbol for function address 0x24c00f0
ERROR: couldn't find symbol for function address 0x23cb1f0
ERROR: couldn't find symbol for function address 0x2090ae0
ERROR: couldn't find symbol for function address 0x3d33a20
ERROR: couldn't find symbol for function address 0x3a8b960
ERROR: couldn't find symbol for function address 0x369d830
ERROR: couldn't find symbol for function address 0x37e0980
ERROR: couldn't find symbol for function address 0x36261e0
ERROR: couldn't find symbol for function address 0x230a370
ERROR: couldn't find symbol for function address 0x22ff540
ERROR: couldn't find symbol for function address 0x3865ff0
ERROR: couldn't find symbol for function address 0x24dd330
ERROR: couldn't find symbol for function address 0x39920d0
ERROR: couldn't find symbol for function address 0x24276e0
ERROR: couldn't find symbol for function address 0x398b270
ERROR: couldn't find symbol for function address 0x2424fa0
ERROR: couldn't find symbol for function address 0x2422ae0
ERROR: couldn't find symbol for function address 0x3a90e40
ERROR: couldn't find symbol for function address 0x3a275f0
ERROR: couldn't find symbol for function address 0x3795150
ERROR: couldn't find symbol for function address 0x38e7b80
ERROR: couldn't find symbol for function address 0x379a500
ERROR: couldn't find symbol for function address 0x3a220d0
ERROR: couldn't find symbol for function address 0x2565190
ERROR: couldn't find symbol for function address 0x378d840
ERROR: couldn't find symbol for function address 0x3d66860
ERROR: couldn't find symbol for function address 0x3a286d0
ERROR: couldn't find symbol for function address 0x3a24560
ERROR: couldn't find symbol for function address 0x2021870
ERROR: couldn't find symbol for function address 0x395b510
ERROR: couldn't find symbol for function address 0x2547370
ERROR: couldn't find symbol for function address 0x2546f80
ERROR: couldn't find symbol for function address 0x3aa80c0
ERROR: couldn't find symbol for function address 0x34e1550
ERROR: couldn't find symbol for function address 0x34e14c0
ERROR: couldn't find symbol for function address 0x34e1320
ERROR: couldn't find symbol for function address 0x2541440
ERROR: couldn't find symbol for function address 0x268ced0
ERROR: couldn't find symbol for function address 0x34d9f40
ERROR: couldn't find symbol for function address 0x34d9e50
ERROR: couldn't find symbol for function address 0x34d9b20
ERROR: couldn't find symbol for function address 0x34d99f0
ERROR: couldn't find symbol for function address 0x3957240
ERROR: couldn't find symbol for function address 0x34cd240
ERROR: couldn't find symbol for function address 0x394a420
ERROR: couldn't find symbol for function address 0x34c9260
ERROR: couldn't find symbol for function address 0x3a86cc0
ERROR: couldn't find symbol for function address 0x24d87a0
ERROR: couldn't find symbol for function address 0x398b290
ERROR: couldn't find symbol for function address 0x3d490b0
ERROR: couldn't find symbol for function address 0x34e1520
ERROR: couldn't find symbol for function address 0x24b7d00
ERROR: couldn't find symbol for function address 0x3d469a0
ERROR: couldn't find symbol for function address 0x39436f0
ERROR: couldn't find symbol for function address 0x3941540
ERROR: couldn't find symbol for function address 0x3d4b0c0
ERROR: couldn't find symbol for function address 0x239ee70
ERROR: couldn't find symbol for function address 0x25aa780
ERROR: couldn't find symbol for function address 0x2424fd0
ERROR: couldn't find symbol for function address 0x218a1f0
ERROR: couldn't find symbol for function address 0x202fae0
ERROR: couldn't find symbol for function address 0x20eff00
ERROR: couldn't find symbol for function address 0x267bdd0
ERROR: couldn't find symbol for function address 0x2675830
ERROR: couldn't find symbol for function address 0x395c380
ERROR: couldn't find symbol for function address 0x23735e0
ERROR: couldn't find symbol for function address 0x3eb19d0
ERROR: couldn't find symbol for function address 0x3763bb0
ERROR: couldn't find symbol for function address 0x25ac800
ERROR: couldn't find symbol for function address 0x3694890
ERROR: couldn't find symbol for function address 0x241ef80
ERROR: couldn't find symbol for function address 0x26b8d20
ERROR: couldn't find symbol for function address 0x24c0da0
ERROR: couldn't find symbol for function address 0x24c0cb0
ERROR: couldn't find symbol for function address 0x24bfd70
ERROR: couldn't find symbol for function address 0x204e290
ERROR: couldn't find symbol for function address 0x24bbf20
ERROR: couldn't find symbol for function address 0x24bab60
ERROR: couldn't find symbol for function address 0x24b8b80
ERROR: couldn't find symbol for function address 0x24b7b30
ERROR: couldn't find symbol for function address 0x2377110
ERROR: couldn't find symbol for function address 0x2021890
ERROR: couldn't find symbol for function address 0x24a5aa0
ERROR: couldn't find symbol for function address 0x24e4ca0
ERROR: couldn't find symbol for function address 0x249b7d0
ERROR: couldn't find symbol for function address 0x23a84a0
ERROR: couldn't find symbol for function address 0x21170a0
ERROR: couldn't find symbol for function address 0x2490850
ERROR: couldn't find symbol for function address 0x2490840
ERROR: couldn't find symbol for function address 0x36ae260
ERROR: couldn't find symbol for function address 0x24e5b70
ERROR: couldn't find symbol for function address 0x34de7a0
ERROR: couldn't find symbol for function address 0x2427710
ERROR: couldn't find symbol for function address 0x23c3d10
ERROR: couldn't find symbol for function address 0x24652f0
ERROR: couldn't find symbol for function address 0x38e7d50
ERROR: couldn't find symbol for function address 0x38e7d30
ERROR: couldn't find symbol for function address 0x24bacb0
ERROR: couldn't find symbol for function address 0x24269a0
ERROR: couldn't find symbol for function address 0x2425560
ERROR: couldn't find symbol for function address 0x2424cd0
ERROR: couldn't find symbol for function address 0x3a17970
ERROR: couldn't find symbol for function address 0x3a9d510
ERROR: couldn't find symbol for function address 0x2411ed0
ERROR: couldn't find symbol for function address 0x240a2b0
ERROR: couldn't find symbol for function address 0x2408330
ERROR: couldn't find symbol for function address 0x20216c0
ERROR: couldn't find symbol for function address 0x268d110
ERROR: couldn't find symbol for function address 0x395b260
ERROR: couldn't find symbol for function address 0x2102220
ERROR: couldn't find symbol for function address 0x3988d30
ERROR: couldn't find symbol for function address 0x256ad40
ERROR: couldn't find symbol for function address 0x2422270
ERROR: couldn't find symbol for function address 0x23c2e60
ERROR: couldn't find symbol for function address 0x36ae1c0
ERROR: couldn't find symbol for function address 0x2429330
ERROR: couldn't find symbol for function address 0x24a3980
ERROR: couldn't find symbol for function address 0x26b9640
ERROR: couldn't find symbol for function address 0x2425ea0
ERROR: couldn't find symbol for function address 0x267c5a0
ERROR: couldn't find symbol for function address 0x3a1cdc0
ERROR: couldn't find symbol for function address 0x24ebc40
ERROR: couldn't find symbol for function address 0x23a4060
ERROR: couldn't find symbol for function address 0x268d080
ERROR: couldn't find symbol for function address 0x24e1d50
ERROR: couldn't find symbol for function address 0x3694d80
ERROR: couldn't find symbol for function address 0x26dcdd0
ERROR: couldn't find symbol for function address 0x3df69b0
ERROR: couldn't find symbol for function address 0x3a81100
ERROR: couldn't find symbol for function address 0x3ebcd30
ERROR: couldn't find symbol for function address 0x24c0940
ERROR: couldn't find symbol for function address 0x3d4b840
ERROR: couldn't find symbol for function address 0x20f90b0
ERROR: couldn't find symbol for function address 0x38ef160
ERROR: couldn't find symbol for function address 0x379dad0
ERROR: couldn't find symbol for function address 0x2492660
ERROR: couldn't find symbol for function address 0x3a80030
ERROR: couldn't find symbol for function address 0x23c3690
ERROR: couldn't find symbol for function address 0x305e780
ERROR: couldn't find symbol for function address 0x3d4b110
ERROR: couldn't find symbol for function address 0x2174230
ERROR: couldn't find symbol for function address 0x20218c0
ERROR: couldn't find symbol for function address 0x268cfd0
ERROR: couldn't find symbol for function address 0x24c0ef0
ERROR: couldn't find symbol for function address 0x253ac80
ERROR: couldn't find symbol for function address 0x3eb8a80
ERROR: couldn't find symbol for function address 0x267c480
ERROR: couldn't find symbol for function address 0x3eb33b0
ERROR: couldn't find symbol for function address 0x305e610
ERROR: couldn't find symbol for function address 0x25af160
ERROR: couldn't find symbol for function address 0x21868b0
ERROR: couldn't find symbol for function address 0x23ce9c0
ERROR: couldn't find symbol for function address 0x3d4e890
ERROR: couldn't find symbol for function address 0x25b5510
ERROR: couldn't find symbol for function address 0x38ebf80
ERROR: couldn't find symbol for function address 0x3eb2e80
ERROR: couldn't find symbol for function address 0x2465640
ERROR: couldn't find symbol for function address 0x2237c50
ERROR: couldn't find symbol for function address 0x24ef620
ERROR: couldn't find symbol for function address 0x36ae1f0
ERROR: couldn't find symbol for function address 0x3d4e840
ERROR: couldn't find symbol for function address 0x3d4b140
ERROR: couldn't find symbol for function address 0x3d499f0
ERROR: couldn't find symbol for function address 0x3d49230
ERROR: couldn't find symbol for function address 0x3d46e10
ERROR: couldn't find symbol for function address 0x38e9a60
ERROR: couldn't find symbol for function address 0x3941e10
ERROR: couldn't find symbol for function address 0x3a17d40
ERROR: couldn't find symbol for function address 0x26899b0
ERROR: couldn't find symbol for function address 0x35e42d0
ERROR: couldn't find symbol for function address 0x3aa7050
ERROR: couldn't find symbol for function address 0x34e4c50
ERROR: couldn't find symbol for function address 0x26b9f30
ERROR: couldn't find symbol for function address 0x26b9710
ERROR: couldn't find symbol for function address 0x3177810
ERROR: couldn't find symbol for function address 0x241b0f0
ERROR: couldn't find symbol for function address 0x26992b0
ERROR: couldn't find symbol for function address 0x3d4cdb0
ERROR: couldn't find symbol for function address 0x22365f0
ERROR: couldn't find symbol for function address 0x268d2b0
ERROR: couldn't find symbol for function address 0x268bc80
ERROR: couldn't find symbol for function address 0x3a54660
ERROR: couldn't find symbol for function address 0x395c220
ERROR: couldn't find symbol for function address 0x253aaa0
ERROR: couldn't find symbol for function address 0x234caf0
ERROR: couldn't find symbol for function address 0x267b3a0
ERROR: couldn't find symbol for function address 0x2676d50
ERROR: couldn't find symbol for function address 0x2676c90
ERROR: couldn't find symbol for function address 0x204d100
ERROR: couldn't find symbol for function address 0x253a640
ERROR: couldn't find symbol for function address 0x2122f00
ERROR: couldn't find symbol for function address 0x39955a0
ERROR: couldn't find symbol for function address 0x25b0500
ERROR: couldn't find symbol for function address 0x240d880
ERROR: couldn't find symbol for function address 0x3798590
ERROR: couldn't find symbol for function address 0x3a1dc30
ERROR: couldn't find symbol for function address 0x26efda0
ERROR: couldn't find symbol for function address 0x3ebcfb0
ERROR: couldn't find symbol for function address 0x3d5c720
ERROR: couldn't find symbol for function address 0x24edff0
ERROR: couldn't find symbol for function address 0x3775880
ERROR: couldn't find symbol for function address 0x2630840
ERROR: couldn't find symbol for function address 0x261a250
ERROR: couldn't find symbol for function address 0x261a190
ERROR: couldn't find symbol for function address 0x3a87c70
ERROR: couldn't find symbol for function address 0x2619510
ERROR: couldn't find symbol for function address 0x3d4d3d0
ERROR: couldn't find symbol for function address 0x394a5f0
ERROR: couldn't find symbol for function address 0x2426330
ERROR: couldn't find symbol for function address 0x37635d0
ERROR: couldn't find symbol for function address 0x20515d0
ERROR: couldn't find symbol for function address 0x3d47440
ERROR: couldn't find symbol for function address 0x24ec240
ERROR: couldn't find symbol for function address 0x261a270
ERROR: couldn't find symbol for function address 0x379e850
ERROR: couldn't find symbol for function address 0x23a39b0
ERROR: couldn't find symbol for function address 0x38f2100
ERROR: couldn't find symbol for function address 0x25b21d0
ERROR: couldn't find symbol for function address 0x25afbd0
ERROR: couldn't find symbol for function address 0x25afb90
ERROR: couldn't find symbol for function address 0x35b96a0
ERROR: couldn't find symbol for function address 0x25abc40
ERROR: couldn't find symbol for function address 0x25a4570
ERROR: couldn't find symbol for function address 0x259cd20
ERROR: couldn't find symbol for function address 0x259c0a0
ERROR: couldn't find symbol for function address 0x268b8f0
ERROR: couldn't find symbol for function address 0x25985c0
ERROR: couldn't find symbol for function address 0x2303c60
ERROR: couldn't find symbol for function address 0x258f7b0
ERROR: couldn't find symbol for function address 0x258d660
ERROR: couldn't find symbol for function address 0x2586e70
ERROR: couldn't find symbol for function address 0x2586ee0
ERROR: couldn't find symbol for function address 0x2587080
ERROR: couldn't find symbol for function address 0x3d5e080
ERROR: couldn't find symbol for function address 0x25afd50
ERROR: couldn't find symbol for function address 0x3a58db0
ERROR: couldn't find symbol for function address 0x20efae0
ERROR: couldn't find symbol for function address 0x21497e0
ERROR: couldn't find symbol for function address 0x20f82a0
ERROR: couldn't find symbol for function address 0x261a020
ERROR: couldn't find symbol for function address 0x20fb1c0
ERROR: couldn't find symbol for function address 0x24093e0
ERROR: couldn't find symbol for function address 0x2546840
ERROR: couldn't find symbol for function address 0x25406f0
ERROR: couldn't find symbol for function address 0x253c6b0
ERROR: couldn't find symbol for function address 0x253b950
ERROR: couldn't find symbol for function address 0x38d2e30
ERROR: couldn't find symbol for function address 0x253aad0
ERROR: couldn't find symbol for function address 0x253a330
ERROR: couldn't find symbol for function address 0x24d86c0
ERROR: couldn't find symbol for function address 0x24ecf10
ERROR: couldn't find symbol for function address 0x25ae600
ERROR: couldn't find symbol for function address 0x24f5050
ERROR: couldn't find symbol for function address 0x23a8180
ERROR: couldn't find symbol for function address 0x24f0f90
ERROR: couldn't find symbol for function address 0x25900b0
ERROR: couldn't find symbol for function address 0x24e32c0
ERROR: couldn't find symbol for function address 0x24e12a0
ERROR: couldn't find symbol for function address 0x24e1190
ERROR: couldn't find symbol for function address 0x24d9f30
ERROR: couldn't find symbol for function address 0x24d9e60
ERROR: couldn't find symbol for function address 0x24d8fa0
ERROR: couldn't find symbol for function address 0x24d6110
ERROR: couldn't find symbol for function address 0x24d4a80
ERROR: couldn't find symbol for function address 0x34de280
ERROR: couldn't find symbol for function address 0x204f710
ERROR: couldn't find symbol for function address 0x253fd80
ERROR: couldn't find symbol for function address 0x24249b0
ERROR: couldn't find symbol for function address 0x3f16550
ERROR: couldn't find symbol for function address 0x3eae740
ERROR: couldn't find symbol for function address 0x23756b0
ERROR: couldn't find symbol for function address 0x204f310
ERROR: couldn't find symbol for function address 0x2136460
ERROR: couldn't find symbol for function address 0x25b23c0
ERROR: couldn't find symbol for function address 0x20bb030
ERROR: couldn't find symbol for function address 0x30b5ee0
ERROR: couldn't find symbol for function address 0x23cece0
ERROR: couldn't find symbol for function address 0x37b39d0
ERROR: couldn't find symbol for function address 0x21785c0
ERROR: couldn't find symbol for function address 0x253b240
ERROR: couldn't find symbol for function address 0x25aa4e0
ERROR: couldn't find symbol for function address 0x3a56290
ERROR: couldn't find symbol for function address 0x261aae0
ERROR: couldn't find symbol for function address 0x24c2490
ERROR: couldn't find symbol for function address 0x34d9b70
ERROR: couldn't find symbol for function address 0x204c830
ERROR: couldn't find symbol for function address 0x2424990
ERROR: couldn't find symbol for function address 0x218f030
ERROR: couldn't find symbol for function address 0x3eb3540
ERROR: couldn't find symbol for function address 0x2183e40
ERROR: couldn't find symbol for function address 0x23a3ff0
ERROR: couldn't find symbol for function address 0x24c1070
ERROR: couldn't find symbol for function address 0x2304ce0
ERROR: couldn't find symbol for function address 0x2186e20
ERROR: couldn't find symbol for function address 0x25aea10
ERROR: couldn't find symbol for function address 0x20cbd00
ERROR: couldn't find symbol for function address 0x2407db0
ERROR: couldn't find symbol for function address 0x30bf440
ERROR: couldn't find symbol for function address 0x25ac6f0
ERROR: couldn't find symbol for function address 0x25b41d0
ERROR: couldn't find symbol for function address 0x395b810
ERROR: couldn't find symbol for function address 0x30bba60
ERROR: couldn't find symbol for function address 0x24260e0
ERROR: couldn't find symbol for function address 0x2373580
ERROR: couldn't find symbol for function address 0x24251e0
ERROR: couldn't find symbol for function address 0x24bc2a0
ERROR: couldn't find symbol for function address 0x249aba0
ERROR: couldn't find symbol for function address 0x3a97d50
ERROR: couldn't find symbol for function address 0x209bc70
ERROR: couldn't find symbol for function address 0x38e7f00
ERROR: couldn't find symbol for function address 0x24ea5b0
ERROR: couldn't find symbol for function address 0x24bfcc0
ERROR: couldn't find symbol for function address 0x3d70a60
ERROR: couldn't find symbol for function address 0x24c1de0
ERROR: couldn't find symbol for function address 0x398ec2e
ERROR: couldn't find symbol for function address 0x2101620
ERROR: couldn't find symbol for function address 0x26331f0
ERROR: couldn't find symbol for function address 0x25b0e60
ERROR: couldn't find symbol for function address 0x3d49b50
ERROR: couldn't find symbol for function address 0x3779a40
ERROR: couldn't find symbol for function address 0x24d7610
ERROR: couldn't find symbol for function address 0x365a190
ERROR: couldn't find symbol for function address 0x38eb9c0
ERROR: couldn't find symbol for function address 0x34d9d80
ERROR: couldn't find symbol for function address 0x3d454d0
ERROR: couldn't find symbol for function address 0x3057180
ERROR: couldn't find symbol for function address 0x23c36d0
ERROR: couldn't find symbol for function address 0x378de90
ERROR: couldn't find symbol for function address 0x38f1f00
ERROR: couldn't find symbol for function address 0x394a650
ERROR: couldn't find symbol for function address 0x2027290
ERROR: couldn't find symbol for function address 0x3d4e1e0
ERROR: couldn't find symbol for function address 0x39da2e0
ERROR: couldn't find symbol for function address 0x253b260
ERROR: couldn't find symbol for function address 0x3766090
ERROR: couldn't find symbol for function address 0x37e2180
ERROR: couldn't find symbol for function address 0x26185c0
ERROR: couldn't find symbol for function address 0x3d458e0
ERROR: couldn't find symbol for function address 0x38f2460
ERROR: couldn't find symbol for function address 0x268d1e0
ERROR: couldn't find symbol for function address 0x2633530
ERROR: couldn't find symbol for function address 0x25aa5b0
ERROR: couldn't find symbol for function address 0x38e7e20
ERROR: couldn't find symbol for function address 0x253bdc0
ERROR: couldn't find symbol for function address 0x25aad00
ERROR: couldn't find symbol for function address 0x3943d40
ERROR: couldn't find symbol for function address 0x21711d0
ERROR: couldn't find symbol for function address 0x3df6570
ERROR: couldn't find symbol for function address 0x261a010
ERROR: couldn't find symbol for function address 0x25ac140
ERROR: couldn't find symbol for function address 0x38f2c50
ERROR: couldn't find symbol for function address 0x3693800
ERROR: couldn't find symbol for function address 0x25b4740
ERROR: couldn't find symbol for function address 0x3a4dbc0
ERROR: couldn't find symbol for function address 0x38e80e0
ERROR: couldn't find symbol for function address 0x2565170
ERROR: couldn't find symbol for function address 0x38e7780
ERROR: couldn't find symbol for function address 0x23c2dd0
ERROR: couldn't find symbol for function address 0x3a3f2d0
ERROR: couldn't find symbol for function address 0x204f080
ERROR: couldn't find symbol for function address 0x3980410
ERROR: couldn't find symbol for function address 0x3763d90
ERROR: couldn't find symbol for function address 0x3a81270
ERROR: couldn't find symbol for function address 0x25b0730
ERROR: couldn't find symbol for function address 0x38f1a50
ERROR: couldn't find symbol for function address 0x34d9a50
ERROR: couldn't find symbol for function address 0x2107e20
ERROR: couldn't find symbol for function address 0x3d66420
ERROR: couldn't find symbol for function address 0x25b2c00
ERROR: couldn't find symbol for function address 0x3aa76a0
ERROR: couldn't find symbol for function address 0x3d69170
ERROR: couldn't find symbol for function address 0x39491c0
ERROR: couldn't find symbol for function address 0x26b90a0
ERROR: couldn't find symbol for function address 0x3933780
ERROR: couldn't find symbol for function address 0x3969e30
ERROR: couldn't find symbol for function address 0x2633010
ERROR: couldn't find symbol for function address 0x24ed810
ERROR: couldn't find symbol for function address 0x3e466e0
ERROR: couldn't find symbol for function address 0x3bdd430
ERROR: couldn't find symbol for function address 0x38cb6d0
ERROR: couldn't find symbol for function address 0x204b000
ERROR: couldn't find symbol for function address 0x37634c0
ERROR: couldn't find symbol for function address 0x2172610
ERROR: couldn't find symbol for function address 0x3953ef0
ERROR: couldn't find symbol for function address 0x39400c0
ERROR: couldn't find symbol for function address 0x39352a0
ERROR: couldn't find symbol for function address 0x204e4e0
ERROR: couldn't find symbol for function address 0x2674d00
ERROR: couldn't find symbol for function address 0x3a8a9d0
ERROR: couldn't find symbol for function address 0x24df7b0
ERROR: couldn't find symbol for function address 0x24b8510
ERROR: couldn't find symbol for function address 0x3a05650
ERROR: couldn't find symbol for function address 0x3935ec0
ERROR: couldn't find symbol for function address 0x26efb40
ERROR: couldn't find symbol for function address 0x3d49e80
ERROR: couldn't find symbol for function address 0x2109080
ERROR: couldn't find symbol for function address 0x36de290
ERROR: couldn't find symbol for function address 0x378d819
ERROR: couldn't find symbol for function address 0x3a57d50
ERROR: couldn't find symbol for function address 0x399552c
ERROR: couldn't find symbol for function address 0x379a980
ERROR: couldn't find symbol for function address 0x26b9d40
ERROR: couldn't find symbol for function address 0x38d6320
ERROR: couldn't find symbol for function address 0x3d69180
ERROR: couldn't find symbol for function address 0x38e7d60
ERROR: couldn't find symbol for function address 0x36cfc70
ERROR: couldn't find symbol for function address 0x38f44d0
ERROR: couldn't find symbol for function address 0x21496e0
ERROR: couldn't find symbol for function address 0x3eb50a0
ERROR: couldn't find symbol for function address 0x38f08d0
ERROR: couldn't find symbol for function address 0x267ac00
ERROR: couldn't find symbol for function address 0x36ce2e0
ERROR: couldn't find symbol for function address 0x37bca70
ERROR: couldn't find symbol for function address 0x2376240
ERROR: couldn't find symbol for function address 0x204e640
ERROR: couldn't find symbol for function address 0x35df2d0
ERROR: couldn't find symbol for function address 0x38d47a0
ERROR: couldn't find symbol for function address 0x3625f70
ERROR: couldn't find symbol for function address 0x2618fc0
ERROR: couldn't find symbol for function address 0x3766010
ERROR: couldn't find symbol for function address 0x268d290
ERROR: couldn't find symbol for function address 0x23a79c0
ERROR: couldn't find symbol for function address 0x398c180
ERROR: couldn't find symbol for function address 0x38b72d0
ERROR: couldn't find symbol for function address 0x3d57e10
ERROR: couldn't find symbol for function address 0x38e99e0
ERROR: couldn't find symbol for function address 0x379a5e0
ERROR: couldn't find symbol for function address 0x38e8d00
ERROR: couldn't find symbol for function address 0x2633eb0
ERROR: couldn't find symbol for function address 0x36a90e0
ERROR: couldn't find symbol for function address 0x211d700
ERROR: couldn't find symbol for function address 0x37345f0
ERROR: couldn't find symbol for function address 0x204f0b0
ERROR: couldn't find symbol for function address 0x3992030
ERROR: couldn't find symbol for function address 0x211cf80
ERROR: couldn't find symbol for function address 0x378d180
ERROR: couldn't find symbol for function address 0x3938d40
ERROR: couldn't find symbol for function address 0x2411890
ERROR: couldn't find symbol for function address 0x3d45530
ERROR: couldn't find symbol for function address 0x3a7a740
ERROR: couldn't find symbol for function address 0x204c650
ERROR: couldn't find symbol for function address 0x24c0fe0
ERROR: couldn't find symbol for function address 0x2632020
ERROR: couldn't find symbol for function address 0x2109d20
ERROR: couldn't find symbol for function address 0x3734780
ERROR: couldn't find symbol for function address 0x3a686c0
ERROR: couldn't find symbol for function address 0x2588120
ERROR: couldn't find symbol for function address 0x3764bd0
ERROR: couldn't find symbol for function address 0x261a290
ERROR: couldn't find symbol for function address 0x2618f80
ERROR: couldn't find symbol for function address 0x39b2ea0
ERROR: couldn't find symbol for function address 0x2423320
ERROR: couldn't find symbol for function address 0x3d4bb60
ERROR: couldn't find symbol for function address 0x25b4690
ERROR: couldn't find symbol for function address 0x3d48780
ERROR: couldn't find symbol for function address 0x2377140
ERROR: couldn't find symbol for function address 0x24c2de0
ERROR: couldn't find symbol for function address 0x20f7200
ERROR: couldn't find symbol for function address 0x3765880
ERROR: couldn't find symbol for function address 0x37d75e0
ERROR: couldn't find symbol for function address 0x38d4020
ERROR: couldn't find symbol for function address 0x25ae680
ERROR: couldn't find symbol for function address 0x35bbef0
ERROR: couldn't find symbol for function address 0x3e456e0
ERROR: couldn't find symbol for function address 0x2698760
ERROR: couldn't find symbol for function address 0x38e8710
ERROR: couldn't find symbol for function address 0x35bbc40
ERROR: couldn't find symbol for function address 0x3d4b0e0
ERROR: couldn't find symbol for function address 0x20ba990
ERROR: couldn't find symbol for function address 0x24c2110
ERROR: couldn't find symbol for function address 0x3d45610
ERROR: couldn't find symbol for function address 0x2491e20
ERROR: couldn't find symbol for function address 0x34de4e0
ERROR: couldn't find symbol for function address 0x3d28da0
ERROR: couldn't find symbol for function address 0x379aca0
ERROR: couldn't find symbol for function address 0x3a9c4c0
ERROR: couldn't find symbol for function address 0x3918a40
ERROR: couldn't find symbol for function address 0x395b650
ERROR: couldn't find symbol for function address 0x20f8f90
ERROR: couldn't find symbol for function address 0x3aa8a80
ERROR: couldn't find symbol for function address 0x36a8530
ERROR: couldn't find symbol for function address 0x3941090
ERROR: couldn't find symbol for function address 0x3a89240
ERROR: couldn't find symbol for function address 0x38d0830
ERROR: couldn't find symbol for function address 0x3a887c0
ERROR: couldn't find symbol for function address 0x38e7cf0
ERROR: couldn't find symbol for function address 0x231b760
ERROR: couldn't find symbol for function address 0x22ff440
ERROR: couldn't find symbol for function address 0x39959c0
ERROR: couldn't find symbol for function address 0x394ad60
ERROR: couldn't find symbol for function address 0x3a56d20
ERROR: couldn't find symbol for function address 0x3cf2000
ERROR: couldn't find symbol for function address 0x3a40380
ERROR: couldn't find symbol for function address 0x35f5210
ERROR: couldn't find symbol for function address 0x24d7a00
ERROR: couldn't find symbol for function address 0x38f1df0
ERROR: couldn't find symbol for function address 0x3a3ca30
ERROR: couldn't find symbol for function address 0x38fabf0
ERROR: couldn't find symbol for function address 0x2185c60
ERROR: couldn't find symbol for function address 0x38e9f80
ERROR: couldn't find symbol for function address 0x3a22a60
ERROR: couldn't find symbol for function address 0x3a22110
ERROR: couldn't find symbol for function address 0x3a178e0
ERROR: couldn't find symbol for function address 0x26340d0
ERROR: couldn't find symbol for function address 0x3a17730
ERROR: couldn't find symbol for function address 0x24952f0
ERROR: couldn't find symbol for function address 0x254a1a0
ERROR: couldn't find symbol for function address 0x231b2a0
ERROR: couldn't find symbol for function address 0x26bab70
ERROR: couldn't find symbol for function address 0x204d220
ERROR: couldn't find symbol for function address 0x39e66f0
ERROR: couldn't find symbol for function address 0x39e63e0
ERROR: couldn't find symbol for function address 0x241d870
ERROR: couldn't find symbol for function address 0x39e54e0
ERROR: couldn't find symbol for function address 0x3f15420
ERROR: couldn't find symbol for function address 0x1ff23e0
ERROR: couldn't find symbol for function address 0x398eca0
ERROR: couldn't find symbol for function address 0x2426470
ERROR: couldn't find symbol for function address 0x39b18f0
ERROR: couldn't find symbol for function address 0x39bbcd0
ERROR: couldn't find symbol for function address 0x234e7b0
ERROR: couldn't find symbol for function address 0x253b2c0
ERROR: couldn't find symbol for function address 0x39b2fc0
ERROR: couldn't find symbol for function address 0x39b2f00
ERROR: couldn't find symbol for function address 0x37b0500
ERROR: couldn't find symbol for function address 0x26f1470
ERROR: couldn't find symbol for function address 0x25aa690
ERROR: couldn't find symbol for function address 0x3988c30
ERROR: couldn't find symbol for function address 0x3986c90
ERROR: couldn't find symbol for function address 0x3986930
ERROR: couldn't find symbol for function address 0x3985ff0
ERROR: couldn't find symbol for function address 0x3985f90
ERROR: couldn't find symbol for function address 0x3985ed0
ERROR: couldn't find symbol for function address 0x379a9c0
ERROR: couldn't find symbol for function address 0x3980ce0
ERROR: couldn't find symbol for function address 0x38814e0
ERROR: couldn't find symbol for function address 0x3aa1b10
ERROR: couldn't find symbol for function address 0x34d9ae0
ERROR: couldn't find symbol for function address 0x3697840
ERROR: couldn't find symbol for function address 0x395d6b0
ERROR: couldn't find symbol for function address 0x395c0d0
ERROR: couldn't find symbol for function address 0x3d54d80
ERROR: couldn't find symbol for function address 0x3053960
ERROR: couldn't find symbol for function address 0x39431f0
ERROR: couldn't find symbol for function address 0x258f300
ERROR: couldn't find symbol for function address 0x3a87540
ERROR: couldn't find symbol for function address 0x39414a0
ERROR: couldn't find symbol for function address 0x39eb730
ERROR: couldn't find symbol for function address 0x39400b0
ERROR: couldn't find symbol for function address 0x393cd40
ERROR: couldn't find symbol for function address 0x24dc990
ERROR: couldn't find symbol for function address 0x38e8fb0
ERROR: couldn't find symbol for function address 0x39327b0
ERROR: couldn't find symbol for function address 0x39315d0
ERROR: couldn't find symbol for function address 0x3a19a70
ERROR: couldn't find symbol for function address 0x3bdd330
ERROR: couldn't find symbol for function address 0x20f9150
ERROR: couldn't find symbol for function address 0x3796470
ERROR: couldn't find symbol for function address 0x38f2090
ERROR: couldn't find symbol for function address 0x38f1de0
ERROR: couldn't find symbol for function address 0x38e9e40
ERROR: couldn't find symbol for function address 0x38e9bb0
ERROR: couldn't find symbol for function address 0x38e9b50
ERROR: couldn't find symbol for function address 0x38e7e10
ERROR: couldn't find symbol for function address 0x240a4a0
ERROR: couldn't find symbol for function address 0x38e7ce0
ERROR: couldn't find symbol for function address 0x38e77f0
ERROR: couldn't find symbol for function address 0x38d2bc0
ERROR: couldn't find symbol for function address 0x38d5050
ERROR: couldn't find symbol for function address 0x38d2cb0
ERROR: couldn't find symbol for function address 0x38d0220
ERROR: couldn't find symbol for function address 0x26336b0
ERROR: couldn't find symbol for function address 0x24e1cd0
ERROR: couldn't find symbol for function address 0x258f190
ERROR: couldn't find symbol for function address 0x392e730
ERROR: couldn't find symbol for function address 0x26325a0
ERROR: couldn't find symbol for function address 0x3d4e8c0
ERROR: couldn't find symbol for function address 0x39e90b0
ERROR: couldn't find symbol for function address 0x204f210
ERROR: couldn't find symbol for function address 0x3a9ca90
ERROR: couldn't find symbol for function address 0x38d7490
ERROR: couldn't find symbol for function address 0x35df1d0
ERROR: couldn't find symbol for function address 0x267ad60
ERROR: couldn't find symbol for function address 0x3a24250
ERROR: couldn't find symbol for function address 0x398b340
ERROR: couldn't find symbol for function address 0x387abc0
ERROR: couldn't find symbol for function address 0x3cf20a0
ERROR: couldn't find symbol for function address 0x3a3e7f0
ERROR: couldn't find symbol for function address 0x3d4b420
ERROR: couldn't find symbol for function address 0x37d7a60
ERROR: couldn't find symbol for function address 0x379a6a0
ERROR: couldn't find symbol for function address 0x37cc300
ERROR: couldn't find symbol for function address 0x37cb940
ERROR: couldn't find symbol for function address 0x25ad5d0
ERROR: couldn't find symbol for function address 0x37b0370
ERROR: couldn't find symbol for function address 0x365aed0
ERROR: couldn't find symbol for function address 0x21848f0
ERROR: couldn't find symbol for function address 0x379a7a0
ERROR: couldn't find symbol for function address 0x3952980
ERROR: couldn't find symbol for function address 0x378edf0
ERROR: couldn't find symbol for function address 0x3779460
ERROR: couldn't find symbol for function address 0x395df70
ERROR: couldn't find symbol for function address 0x3d5c730
ERROR: couldn't find symbol for function address 0x20edb40
ERROR: couldn't find symbol for function address 0x3a9aaf0
ERROR: couldn't find symbol for function address 0x39e5320
ERROR: couldn't find symbol for function address 0x23c30b0
ERROR: couldn't find symbol for function address 0x257f150
ERROR: couldn't find symbol for function address 0x267ae50
ERROR: couldn't find symbol for function address 0x38d2db0
ERROR: couldn't find symbol for function address 0x268d0f0
ERROR: couldn't find symbol for function address 0x37caf50
ERROR: couldn't find symbol for function address 0x38e7d40
ERROR: couldn't find symbol for function address 0x2374360
ERROR: couldn't find symbol for function address 0x26ba290
ERROR: couldn't find symbol for function address 0x23fb250
ERROR: couldn't find symbol for function address 0x204d170
ERROR: couldn't find symbol for function address 0x261a260
ERROR: couldn't find symbol for function address 0x23047c0
ERROR: couldn't find symbol for function address 0x24c1300
ERROR: couldn't find symbol for function address 0x204f7b0
ERROR: couldn't find symbol for function address 0x20efa70
ERROR: couldn't find symbol for function address 0x2186770
ERROR: couldn't find symbol for function address 0x2424250
ERROR: couldn't find symbol for function address 0x3772370
ERROR: couldn't find symbol for function address 0x37b0b90
ERROR: couldn't find symbol for function address 0x38eacd0
ERROR: couldn't find symbol for function address 0x3a1a0b0
ERROR: couldn't find symbol for function address 0x268b9b0
ERROR: couldn't find symbol for function address 0x23a8430
ERROR: couldn't find symbol for function address 0x25ae1e0
ERROR: couldn't find symbol for function address 0x3d49130
ERROR: couldn't find symbol for function address 0x24e1c70
ERROR: couldn't find symbol for function address 0x35b97d0
ERROR: couldn't find symbol for function address 0x26b8ee0
ERROR: couldn't find symbol for function address 0x3d69430
ERROR: couldn't find symbol for function address 0x3d49010
ERROR: couldn't find symbol for function address 0x25ab8d0
ERROR: couldn't find symbol for function address 0x26ef860
ERROR: couldn't find symbol for function address 0x35b39d0
ERROR: couldn't find symbol for function address 0x2589250
ERROR: couldn't find symbol for function address 0x38ea9f0
ERROR: couldn't find symbol for function address 0x3d45940
ERROR: couldn't find symbol for function address 0x3eb11e0
ERROR: couldn't find symbol for function address 0x3ebfb10
ERROR: couldn't find symbol for function address 0x36acf80
ERROR: couldn't find symbol for function address 0x24bc1a0
ERROR: couldn't find symbol for function address 0x3765ef0
ERROR: couldn't find symbol for function address 0x3d458c0
ERROR: couldn't find symbol for function address 0x266f640
ERROR: couldn't find symbol for function address 0x38ebed0
ERROR: couldn't find symbol for function address 0x2651210
ERROR: couldn't find symbol for function address 0x3d49c90
ERROR: couldn't find symbol for function address 0x365b650
ERROR: couldn't find symbol for function address 0x3f170c0
ERROR: couldn't find symbol for function address 0x35b3290
ERROR: couldn't find symbol for function address 0x25acca0
ERROR: couldn't find symbol for function address 0x30bbac0
ERROR: couldn't find symbol for function address 0x258d6d0
ERROR: couldn't find symbol for function address 0x21129b0
ERROR: couldn't find symbol for function address 0x3e4c5f0
ERROR: couldn't find symbol for function address 0x3e45200
ERROR: couldn't find symbol for function address 0x36a0cd0
ERROR: couldn't find symbol for function address 0x3763bd0
ERROR: couldn't find symbol for function address 0x20504c0
ERROR: couldn't find symbol for function address 0x3eb6100
ERROR: couldn't find symbol for function address 0x2086f20
ERROR: couldn't find symbol for function address 0x38d7880
ERROR: couldn't find symbol for function address 0x3f17210
ERROR: couldn't find symbol for function address 0x24b8790
ERROR: couldn't find symbol for function address 0x3f16320
ERROR: couldn't find symbol for function address 0x3d48430
ERROR: couldn't find symbol for function address 0x24d9d80
ERROR: couldn't find symbol for function address 0x24d8f70
ERROR: couldn't find symbol for function address 0x3f15de0
ERROR: couldn't find symbol for function address 0x24e3520
ERROR: couldn't find symbol for function address 0x218fb50
ERROR: couldn't find symbol for function address 0x2404ea0
ERROR: couldn't find symbol for function address 0x2375a30
ERROR: couldn't find symbol for function address 0x3d4af10
ERROR: couldn't find symbol for function address 0x2408800
ERROR: couldn't find symbol for function address 0x2426450
ERROR: couldn't find symbol for function address 0x20f91a0
ERROR: couldn't find symbol for function address 0x2376510
ERROR: couldn't find symbol for function address 0x24b8390
ERROR: couldn't find symbol for function address 0x3053920
ERROR: couldn't find symbol for function address 0x268b960
ERROR: couldn't find symbol for function address 0x20baa60
ERROR: couldn't find symbol for function address 0x30b5500
ERROR: couldn't find symbol for function address 0x26b8f30
ERROR: couldn't find symbol for function address 0x3f17560
ERROR: couldn't find symbol for function address 0x3d4e870
ERROR: couldn't find symbol for function address 0x3ebf5f0
ERROR: couldn't find symbol for function address 0x20e97a0
ERROR: couldn't find symbol for function address 0x234c190
ERROR: couldn't find symbol for function address 0x3654690
ERROR: couldn't find symbol for function address 0x30bf730
ERROR: couldn't find symbol for function address 0x3d45920
ERROR: couldn't find symbol for function address 0x24d5df0
ERROR: couldn't find symbol for function address 0x38e9a70
ERROR: couldn't find symbol for function address 0x2587110
ERROR: couldn't find symbol for function address 0x2588330
ERROR: couldn't find symbol for function address 0x268c3d0
ERROR: couldn't find symbol for function address 0x24dace0
ERROR: couldn't find symbol for function address 0x24df850
ERROR: couldn't find symbol for function address 0x3d48b80
ERROR: couldn't find symbol for function address 0x3d46920
ERROR: couldn't find symbol for function address 0x2109030
ERROR: couldn't find symbol for function address 0x30e2a40
ERROR: couldn't find symbol for function address 0x35bc8f0
ERROR: couldn't find symbol for function address 0x31cb370
ERROR: couldn't find symbol for function address 0x25abfe0
ERROR: couldn't find symbol for function address 0x25ac3d0
ERROR: couldn't find symbol for function address 0x3d54b40
ERROR: couldn't find symbol for function address 0x22ff580
ERROR: couldn't find symbol for function address 0x3d47a00
ERROR: couldn't find symbol for function address 0x3ebfb20
ERROR: couldn't find symbol for function address 0x3ebfa40
ERROR: couldn't find symbol for function address 0x3eb67f0
ERROR: couldn't find symbol for function address 0x38e9b60
ERROR: couldn't find symbol for function address 0x2465a10
ERROR: couldn't find symbol for function address 0x3d27100
ERROR: couldn't find symbol for function address 0x24b8700
ERROR: couldn't find symbol for function address 0x38e9ed0
ERROR: couldn't find symbol for function address 0x368b5d0
ERROR: couldn't find symbol for function address 0x3d70af0
ERROR: couldn't find symbol for function address 0x36ad390
ERROR: couldn't find symbol for function address 0x24e20f0
ERROR: couldn't find symbol for function address 0x24072d0
ERROR: couldn't find symbol for function address 0x24b85f0
ERROR: couldn't find symbol for function address 0x24180e0
ERROR: couldn't find symbol for function address 0x30bb9d0
ERROR: couldn't find symbol for function address 0x39ffe20
ERROR: couldn't find symbol for function address 0x34ccf30
ERROR: couldn't find symbol for function address 0x3e4c5d0
ERROR: couldn't find symbol for function address 0x3d270b0
ERROR: couldn't find symbol for function address 0x3d48220
ERROR: couldn't find symbol for function address 0x2185e30
ERROR: couldn't find symbol for function address 0x35e3de0
ERROR: couldn't find symbol for function address 0x3cf6120
ERROR: couldn't find symbol for function address 0x238c470
ERROR: couldn't find symbol for function address 0x253c300
ERROR: couldn't find symbol for function address 0x26ef180
ERROR: couldn't find symbol for function address 0x3202ab0
ERROR: couldn't find symbol for function address 0x38c5a20
ERROR: couldn't find symbol for function address 0x3d49d00
ERROR: couldn't find symbol for function address 0x25ae060
ERROR: couldn't find symbol for function address 0x34d9920
ERROR: couldn't find symbol for function address 0x3177f60
ERROR: couldn't find symbol for function address 0x368f320
ERROR: couldn't find symbol for function address 0x3d4caa0
ERROR: couldn't find symbol for function address 0x2374590
ERROR: couldn't find symbol for function address 0x26dcd60
ERROR: couldn't find symbol for function address 0x36949f0
ERROR: couldn't find symbol for function address 0x2427840
ERROR: couldn't find symbol for function address 0x3d4e260
ERROR: couldn't find symbol for function address 0x3d34200
ERROR: couldn't find symbol for function address 0x268d030
ERROR: couldn't find symbol for function address 0x30d5360
ERROR: couldn't find symbol for function address 0x3693f10
ERROR: couldn't find symbol for function address 0x37d9740
ERROR: couldn't find symbol for function address 0x3d66490
ERROR: couldn't find symbol for function address 0x30b5dd0
ERROR: couldn't find symbol for function address 0x30b5430
ERROR: couldn't find symbol for function address 0x3d4d500
ERROR: couldn't find symbol for function address 0x3a21bd0
ERROR: couldn't find symbol for function address 0x3665170
ERROR: couldn't find symbol for function address 0x31c9050
ERROR: couldn't find symbol for function address 0x34cdec0
ERROR: couldn't find symbol for function address 0x305f950
ERROR: couldn't find symbol for function address 0x2426460
ERROR: couldn't find symbol for function address 0x3056f30
ERROR: couldn't find symbol for function address 0x30b5740
ERROR: couldn't find symbol for function address 0x26303a0
ERROR: couldn't find symbol for function address 0x20c8100
ERROR: couldn't find symbol for function address 0x34de450
ERROR: couldn't find symbol for function address 0x394c890
ERROR: couldn't find symbol for function address 0x3cf61d0
ERROR: couldn't find symbol for function address 0x3eb16f0
ERROR: couldn't find symbol for function address 0x3765910
ERROR: couldn't find symbol for function address 0x2491ef0
ERROR: couldn't find symbol for function address 0x25b2d00
ERROR: couldn't find symbol for function address 0x249b860
ERROR: couldn't find symbol for function address 0x35b3560
ERROR: couldn't find symbol for function address 0x3d478b0
ERROR: couldn't find symbol for function address 0x34e4db0
ERROR: couldn't find symbol for function address 0x24bb510
ERROR: couldn't find symbol for function address 0x36d5540
ERROR: couldn't find symbol for function address 0x35ef3b0
ERROR: couldn't find symbol for function address 0x3177fe0
ERROR: couldn't find symbol for function address 0x36d8320
ERROR: couldn't find symbol for function address 0x25b3220
ERROR: couldn't find symbol for function address 0x23ced30
ERROR: couldn't find symbol for function address 0x1ff92b0
ERROR: couldn't find symbol for function address 0x258fea0
ERROR: couldn't find symbol for function address 0x268d050
ERROR: couldn't find symbol for function address 0x3697770
ERROR: couldn't find symbol for function address 0x3d45520
ERROR: couldn't find symbol for function address 0x209ae90
ERROR: couldn't find symbol for function address 0x217d2b0
ERROR: couldn't find symbol for function address 0x2699170
ERROR: couldn't find symbol for function address 0x24920d0
ERROR: couldn't find symbol for function address 0x24bb380
ERROR: couldn't find symbol for function address 0x3075810
ERROR: couldn't find symbol for function address 0x38e9a80
ERROR: couldn't find symbol for function address 0x3057270
ERROR: couldn't find symbol for function address 0x24bfb00
ERROR: couldn't find symbol for function address 0x204f7e0
ERROR: couldn't find symbol for function address 0x201cea0
ERROR: couldn't find symbol for function address 0x2376360
ERROR: couldn't find symbol for function address 0x23c50b0
ERROR: couldn't find symbol for function address 0x267dbd0
ERROR: couldn't find symbol for function address 0x1ff2280
ERROR: couldn't find symbol for function address 0x218fd30
ERROR: couldn't find symbol for function address 0x36d7430
ERROR: couldn't find symbol for function address 0x209cb40
ERROR: couldn't find symbol for function address 0x3057290
ERROR: couldn't find symbol for function address 0x3628820
ERROR: couldn't find symbol for function address 0x261ab50
ERROR: couldn't find symbol for function address 0x20baac0
ERROR: couldn't find symbol for function address 0x24d8dd0
ERROR: couldn't find symbol for function address 0x20bdec0
ERROR: couldn't find symbol for function address 0x2698790
ERROR: couldn't find symbol for function address 0x20217e0
ERROR: couldn't find symbol for function address 0x214aa80
ERROR: couldn't find symbol for function address 0x25b24d0
ERROR: couldn't find symbol for function address 0x2017f20
ERROR: couldn't find symbol for function address 0x20ed860
ERROR: couldn't find symbol for function address 0x2186d50
ERROR: couldn't find symbol for function address 0x31c88f0
ERROR: couldn't find symbol for function address 0x31777e0
ERROR: couldn't find symbol for function address 0x2417b90
ERROR: couldn't find symbol for function address 0x3940190
ERROR: couldn't find symbol for function address 0x3a1cda0
ERROR: couldn't find symbol for function address 0x25afa70
ERROR: couldn't find symbol for function address 0x3d5cee0
ERROR: couldn't find symbol for function address 0x20bdd50
ERROR: couldn't find symbol for function address 0x234cbb0
ERROR: couldn't find symbol for function address 0x26ba3a0
ERROR: couldn't find symbol for function address 0x3f17640
ERROR: couldn't find symbol for function address 0x3d58810
ERROR: couldn't find symbol for function address 0x2375bb0
ERROR: couldn't find symbol for function address 0x3cf0b50
ERROR: couldn't find symbol for function address 0x3a3c3f0
ERROR: couldn't find symbol for function address 0x261a280
ERROR: couldn't find symbol for function address 0x2108800
ERROR: couldn't find symbol for function address 0x34d9eb0
ERROR: couldn't find symbol for function address 0x2101eb0
ERROR: couldn't find symbol for function address 0x3d48e70
ERROR: couldn't find symbol for function address 0x20babb0
ERROR: couldn't find symbol for function address 0x2405700
ERROR: couldn't find symbol for function address 0x34de390
ERROR: couldn't find symbol for function address 0x24239c0
ERROR: couldn't find symbol for function address 0x2112550
ERROR: couldn't find symbol for function address 0x38d2690
ERROR: couldn't find symbol for function address 0x2373ca0
ERROR: couldn't find symbol for function address 0x201e250
ERROR: couldn't find symbol for function address 0x20efb60
ERROR: couldn't find symbol for function address 0x3eb5a90
ERROR: couldn't find symbol for function address 0x30e26e0
ERROR: couldn't find symbol for function address 0x2699200
ERROR: couldn't find symbol for function address 0x266e530
ERROR: couldn't find symbol for function address 0x2026e30
ERROR: couldn't find symbol for function address 0x393fb80
ERROR: couldn't find symbol for function address 0x20efa90
ERROR: couldn't find symbol for function address 0x268cfa0
ERROR: couldn't find symbol for function address 0x25aa920
ERROR: couldn't find symbol for function address 0x2090c20
ERROR: couldn't find symbol for function address 0x20f9b00
ERROR: couldn't find symbol for function address 0x24b88c0
ERROR: couldn't find symbol for function address 0x24daf30
ERROR: couldn't find symbol for function address 0x209a370
ERROR: couldn't find symbol for function address 0x217f0b0
ERROR: couldn't find symbol for function address 0x24090f0
ERROR: couldn't find symbol for function address 0x23c3110
ERROR: couldn't find symbol for function address 0x24baae0
ERROR: couldn't find symbol for function address 0x24d8040
ERROR: couldn't find symbol for function address 0x268d310
ERROR: couldn't find symbol for function address 0x25dda80
ERROR: couldn't find symbol for function address 0x20276c0
ERROR: couldn't find symbol for function address 0x2633ca0
ERROR: couldn't find symbol for function address 0x210e800
ERROR: couldn't find symbol for function address 0x240a350
ERROR: couldn't find symbol for function address 0x268b8b0
ERROR: couldn't find symbol for function address 0x2173970
ERROR: couldn't find symbol for function address 0x20efb70
ERROR: couldn't find symbol for function address 0x20fc150
ERROR: couldn't find symbol for function address 0x204c5e0
ERROR: couldn't find symbol for function address 0x24e5f60
ERROR: couldn't find symbol for function address 0x38fc480
ERROR: couldn't find symbol for function address 0x3691720
ERROR: couldn't find symbol for function address 0x23a8460
ERROR: couldn't find symbol for function address 0x3f15dd0
ERROR: couldn't find symbol for function address 0x36a10e0
ERROR: couldn't find symbol for function address 0x2405790
ERROR: couldn't find symbol for function address 0x24dadb0
ERROR: couldn't find symbol for function address 0x39eddf0
ERROR: couldn't find symbol for function address 0x23a8440
ERROR: couldn't find symbol for function address 0x240ae10
ERROR: couldn't find symbol for function address 0x25afaa0
ERROR: couldn't find symbol for function address 0x2101950
ERROR: couldn't find symbol for function address 0x394bb60
ERROR: couldn't find symbol for function address 0x398ae60
ERROR: couldn't find symbol for function address 0x24384c0
ERROR: couldn't find symbol for function address 0x20e8b60
ERROR: couldn't find symbol for function address 0x2422900
ERROR: couldn't find symbol for function address 0x39d98f0
ERROR: couldn't find symbol for function address 0x20ee3e0
ERROR: couldn't find symbol for function address 0x25a9c40
ERROR: couldn't find symbol for function address 0x20eff60
ERROR: couldn't find symbol for function address 0x24b87a0
ERROR: couldn't find symbol for function address 0x24eb040
ERROR: couldn't find symbol for function address 0x3a3ef50
ERROR: couldn't find symbol for function address 0x25b90a0
ERROR: couldn't find symbol for function address 0x3cf9020
ERROR: couldn't find symbol for function address 0x24da640
ERROR: couldn't find symbol for function address 0x239dec0
ERROR: couldn't find symbol for function address 0x35e6ab0
ERROR: couldn't find symbol for function address 0x38d2e00
ERROR: couldn't find symbol for function address 0x201e350
ERROR: couldn't find symbol for function address 0x38d2d60
ERROR: couldn't find symbol for function address 0x23a7970
ERROR: couldn't find symbol for function address 0x23a8120
ERROR: couldn't find symbol for function address 0x204f6f0
ERROR: couldn't find symbol for function address 0x24bb9d0
ERROR: couldn't find symbol for function address 0x24b84d0
ERROR: couldn't find symbol for function address 0x3694600
ERROR: couldn't find symbol for function address 0x38b5e70
ERROR: couldn't find symbol for function address 0x392e2f0
ERROR: couldn't find symbol for function address 0x3a19ab0
ERROR: couldn't find symbol for function address 0x3989600
ERROR: couldn't find symbol for function address 0x35b2f30
ERROR: couldn't find symbol for function address 0x24c2430
ERROR: couldn't find symbol for function address 0x35bd630
ERROR: couldn't find symbol for function address 0x2425b50
ERROR: couldn't find symbol for function address 0x2050bb0
ERROR: couldn't find symbol for function address 0x24c2ac0
ERROR: couldn't find symbol for function address 0x249aa60
ERROR: couldn't find symbol for function address 0x36911a0
ERROR: couldn't find symbol for function address 0x38e7c30
ERROR: couldn't find symbol for function address 0x38e99d0
ERROR: couldn't find symbol for function address 0x2634270
ERROR: couldn't find symbol for function address 0x247e050
ERROR: couldn't find symbol for function address 0x23fb6a0
ERROR: couldn't find symbol for function address 0x2189cc0
ERROR: couldn't find symbol for function address 0x2423a60
ERROR: couldn't find symbol for function address 0x26ef620
ERROR: couldn't find symbol for function address 0x3a21240
ERROR: couldn't find symbol for function address 0x35bab10
ERROR: couldn't find symbol for function address 0x2424940
ERROR: couldn't find symbol for function address 0x24249f0
ERROR: couldn't find symbol for function address 0x21361d0
ERROR: couldn't find symbol for function address 0x267ac60
ERROR: couldn't find symbol for function address 0x210cdf0
ERROR: couldn't find symbol for function address 0x24db6c0
ERROR: couldn't find symbol for function address 0x210a1c0
ERROR: couldn't find symbol for function address 0x25b2130
ERROR: couldn't find symbol for function address 0x38f0fd0
ERROR: couldn't find symbol for function address 0x268cf80
ERROR: couldn't find symbol for function address 0x26d3ec0
ERROR: couldn't find symbol for function address 0x2498950
ERROR: couldn't find symbol for function address 0x34f2580
ERROR: couldn't find symbol for function address 0x36ae0c0
ERROR: couldn't find symbol for function address 0x30e2a50
ERROR: couldn't find symbol for function address 0x39dddf0
ERROR: couldn't find symbol for function address 0x21b4b80
ERROR: couldn't find symbol for function address 0x23a80b0
ERROR: couldn't find symbol for function address 0x2412030
ERROR: couldn't find symbol for function address 0x204e620
ERROR: couldn't find symbol for function address 0x218f680
ERROR: couldn't find symbol for function address 0x218fa80
ERROR: couldn't find symbol for function address 0x2103310
ERROR: couldn't find symbol for function address 0x204e5d0
ERROR: couldn't find symbol for function address 0x305e840
ERROR: couldn't find symbol for function address 0x253bfd0
ERROR: couldn't find symbol for function address 0x38d57f0
ERROR: couldn't find symbol for function address 0x3e44e40
ERROR: couldn't find symbol for function address 0x258f4d0
ERROR: couldn't find symbol for function address 0x24263b0
ERROR: couldn't find symbol for function address 0x2590880
ERROR: couldn't find symbol for function address 0x3772080
ERROR: couldn't find symbol for function address 0x2427360
ERROR: couldn't find symbol for function address 0x36a6790
ERROR: couldn't find symbol for function address 0x36d5f20
ERROR: couldn't find symbol for function address 0x3d46b90
ERROR: couldn't find symbol for function address 0x35bbf90
ERROR: couldn't find symbol for function address 0x3d636d0
ERROR: couldn't find symbol for function address 0x20520f0
ERROR: couldn't find symbol for function address 0x20d6ac0
ERROR: couldn't find symbol for function address 0x3696470
ERROR: couldn't find symbol for function address 0x25ad570
ERROR: couldn't find symbol for function address 0x22ff070
ERROR: couldn't find symbol for function address 0x24c0170
ERROR: couldn't find symbol for function address 0x3074900
ERROR: couldn't find symbol for function address 0x23147e0
ERROR: couldn't find symbol for function address 0x25afa90
ERROR: couldn't find symbol for function address 0x2315cf0
ERROR: couldn't find symbol for function address 0x23169e0
ERROR: couldn't find symbol for function address 0x24251a0
ERROR: couldn't find symbol for function address 0x2492520
ERROR: couldn't find symbol for function address 0x24bfc90
ERROR: couldn't find symbol for function address 0x395b6e0
ERROR: couldn't find symbol for function address 0x2409460
ERROR: couldn't find symbol for function address 0x3d54bb0
ERROR: couldn't find symbol for function address 0x2490c70
ERROR: couldn't find symbol for function address 0x234c420
ERROR: couldn't find symbol for function address 0x24bc2e0
ERROR: couldn't find symbol for function address 0x35ef110
ERROR: couldn't find symbol for function address 0x35ea8e0
ERROR: couldn't find symbol for function address 0x24ecba0
ERROR: couldn't find symbol for function address 0x249ba90
ERROR: couldn't find symbol for function address 0x23fd6b0
ERROR: couldn't find symbol for function address 0x3697690
ERROR: couldn't find symbol for function address 0x25ae480
ERROR: couldn't find symbol for function address 0x2373770
ERROR: couldn't find symbol for function address 0x24bbef0
ERROR: couldn't find symbol for function address 0x24bc170
ERROR: couldn't find symbol for function address 0x2373aa0
ERROR: couldn't find symbol for function address 0x2375400
ERROR: couldn't find symbol for function address 0x24c29a0
ERROR: couldn't find symbol for function address 0x31c4090
ERROR: couldn't find symbol for function address 0x2375da0
ERROR: couldn't find symbol for function address 0x2376910
ERROR: couldn't find symbol for function address 0x2466b00
ERROR: couldn't find symbol for function address 0x23771d0
ERROR: couldn't find symbol for function address 0x2427860
ERROR: couldn't find symbol for function address 0x3940290
[tracer] 0x7f56c89d432f : (write+0x4f) 
		[sp=0x7f56804f1350]
[tracer] 0x7f56c86fb489 : (BIO_sock_should_retry+0xe9) 
		[sp=0x7f56804f1380]
[tracer] 0x7f56c86f666e : (BIO_number_written+0x8e) 
		[sp=0x7f56804f13a0]
[tracer] 0x7f56c86f5684 : (ERR_load_BIO_strings+0x324) 
		[sp=0x7f56804f13b0]
[tracer] 0x7f56c86f5b47 : (BIO_write+0x27) 
		[sp=0x7f56804f13e0]
[tracer] 0x7f56c8948dde : (SSL_rstate_string+0x4de) 
		[sp=0x7f56804f1400]
[tracer] 0x7f56c8949cd9 : (SSL_rstate_string+0x13d9) 
		[sp=0x7f56804f1450]
[tracer] 0x7f56c8949f75 : (SSL_rstate_string+0x1675) 
		[sp=0x7f56804f2520]
[tracer] 0x7f56c895ccd9 : (SSL_peek_ex+0xa9) 
		[sp=0x7f56804f26f0]
[tracer] 0x7f56c895ce17 : (SSL_write+0x27) 
		[sp=0x7f56804f2750]
[tracer] 0x55977985d6c3 : (_fini+0x27) 
		[sp=0x7f56804f2770]
[tracer] 0x559777ffed9c : (_fini+0x27) 
		[sp=0x7f56804f2780]
[tracer] 0x559777ffef07 : (_fini+0x27) 
		[sp=0x7f56804f2790]
[tracer] 0x559777cbc1e8 : (_fini+0x27) 
		[sp=0x7f56804f27a0]
[tracer] 0x559777cbc3c7 : (_fini+0x27) 
		[sp=0x7f56804f27b0]
[tracer] 0x559777d6c137 : (_fini+0x27) 
		[sp=0x7f56804f27c0]
[tracer] 0x559777e8dce8 : (_fini+0x27) 
		[sp=0x7f56804f27d0]
[tracer] 0x559777e903a7 : (_fini+0x27) 
		[sp=0x7f56804f27e0]
[tracer] 0x55977801a128 : (_fini+0x27) 
		[sp=0x7f56804f27f0]
[tracer] 0x55977968c26d : (_fini+0x27) 
		[sp=0x7f56804f2800]
[tracer] 0x7f56c89c9609 : (start_thread+0xd9) 
		[sp=0x7f56804f2810]
[tracer] 0x559779692bc1 : (_fini+0xd9) 
		[sp=0x7f56804f28d0]
-----------------------------------

[tracer] thread id = 460013, rip = 7f56c817099f
[tracer] before SINGLESTEP, set RIP = 7f56c89f2d67 (lib addr)
[tracer] receive SIGSTOP from tracee (lib code), tracee finished a SINGLESTEP!
[tracer] after SINGLESTEP, RIP = 7f56c89f2d66
---------------------------------
[tracer] thread id = 460017, rip = 7f56c89d0376
[tracer] before SINGLESTEP, set RIP = 7f56c89f2d67 (lib addr)
[tracer] receive SIGSTOP from tracee (lib code), tracee finished a SINGLESTEP!
[tracer] after SINGLESTEP, RIP = 7f56c89f2d66
---------------------------------
[tracer] thread id = 460018, rip = 7f56c89d0376
[tracer] before SINGLESTEP, set RIP = 7f56c89f2d67 (lib addr)
[tracer] receive SIGSTOP from tracee (lib code), tracee finished a SINGLESTEP!
[tracer] after SINGLESTEP, RIP = 7f56c89f2d66
---------------------------------
[tracer] thread id = 460019, rip = 7f56c89d0376
[tracer] before SINGLESTEP, set RIP = 7f56c89f2d67 (lib addr)
[tracer] receive SIGSTOP from tracee (lib code), tracee finished a SINGLESTEP!
[tracer] after SINGLESTEP, RIP = 7f56c89f2d66
---------------------------------
[tracer] thread id = 460020, rip = 7f56c89d0376
[tracer] before SINGLESTEP, set RIP = 7f56c89f2d67 (lib addr)
[tracer] receive SIGSTOP from tracee (lib code), tracee finished a SINGLESTEP!
[tracer] after SINGLESTEP, RIP = 7f56c89f2d66
---------------------------------
[tracer] thread id = 460021, rip = 7f56c89d0376
[tracer] before SINGLESTEP, set RIP = 7f56c89f2d67 (lib addr)
[tracer] receive SIGSTOP from tracee (lib code), tracee finished a SINGLESTEP!
[tracer] after SINGLESTEP, RIP = 7f56c89f2d66
---------------------------------
[tracer] thread id = 460022, rip = 7f56c89d0376
[tracer] before SINGLESTEP, set RIP = 7f56c89f2d67 (lib addr)
[tracer] receive SIGSTOP from tracee (lib code), tracee finished a SINGLESTEP!
[tracer] after SINGLESTEP, RIP = 7f56c89f2d66
---------------------------------
[tracer] thread id = 460023, rip = 7f56c89d0376
[tracer] before SINGLESTEP, set RIP = 7f56c89f2d67 (lib addr)
[tracer] receive SIGSTOP from tracee (lib code), tracee finished a SINGLESTEP!
[tracer] after SINGLESTEP, RIP = 7f56c89f2d66
---------------------------------
[tracer] thread id = 460024, rip = 7f56c89d0376
[tracer] before SINGLESTEP, set RIP = 7f56c89f2d67 (lib addr)
[tracer] receive SIGSTOP from tracee (lib code), tracee finished a SINGLESTEP!
[tracer] after SINGLESTEP, RIP = 7f56c89f2d66
---------------------------------
[tracer] thread id = 460025, rip = 7f56c89d0376
[tracer] before SINGLESTEP, set RIP = 7f56c89f2d67 (lib addr)
[tracer] receive SIGSTOP from tracee (lib code), tracee finished a SINGLESTEP!
[tracer] after SINGLESTEP, RIP = 7f56c89f2d66
---------------------------------
[tracer] thread id = 460026, rip = 7f56c89d0376
[tracer] before SINGLESTEP, set RIP = 7f56c89f2d67 (lib addr)
[tracer] receive SIGSTOP from tracee (lib code), tracee finished a SINGLESTEP!
[tracer] after SINGLESTEP, RIP = 7f56c89f2d66
---------------------------------
[tracer] thread id = 460027, rip = 7f56c89d07d1
[tracer] before SINGLESTEP, set RIP = 7f56c89f2d67 (lib addr)
[tracer] receive SIGSTOP from tracee (lib code), tracee finished a SINGLESTEP!
[tracer] after SINGLESTEP, RIP = 7f56c89f2d66
---------------------------------
[tracer] thread id = 460029, rip = 7f56c89d07d1
[tracer] before SINGLESTEP, set RIP = 7f56c89f2d67 (lib addr)
[tracer] receive SIGSTOP from tracee (lib code), tracee finished a SINGLESTEP!
[tracer] after SINGLESTEP, RIP = 7f56c89f2d66
---------------------------------
[tracer] thread id = 460030, rip = 7f56c89d07d1
[tracer] before SINGLESTEP, set RIP = 7f56c89f2d67 (lib addr)
[tracer] receive SIGSTOP from tracee (lib code), tracee finished a SINGLESTEP!
[tracer] after SINGLESTEP, RIP = 7f56c89f2d66
---------------------------------
[tracer] thread id = 460031, rip = 7f56c89d07d1
[tracer] before SINGLESTEP, set RIP = 7f56c89f2d67 (lib addr)
[tracer] receive SIGSTOP from tracee (lib code), tracee finished a SINGLESTEP!
[tracer] after SINGLESTEP, RIP = 7f56c89f2d66
---------------------------------
[tracer] thread id = 460032, rip = 7f56c89d07d1
[tracer] before SINGLESTEP, set RIP = 7f56c89f2d67 (lib addr)
[tracer] receive SIGSTOP from tracee (lib code), tracee finished a SINGLESTEP!
[tracer] after SINGLESTEP, RIP = 7f56c89f2d66
---------------------------------
[tracer] thread id = 460033, rip = 7f56c89d07d1
[tracer] before SINGLESTEP, set RIP = 7f56c89f2d67 (lib addr)
[tracer] receive SIGSTOP from tracee (lib code), tracee finished a SINGLESTEP!
[tracer] after SINGLESTEP, RIP = 7f56c89f2d66
---------------------------------
[tracer] thread id = 460034, rip = 7f56c89d07d1
[tracer] before SINGLESTEP, set RIP = 7f56c89f2d67 (lib addr)
[tracer] receive SIGSTOP from tracee (lib code), tracee finished a SINGLESTEP!
[tracer] after SINGLESTEP, RIP = 7f56c89f2d66
---------------------------------
[tracer] thread id = 460039, rip = 7f56c89d07d1
[tracer] before SINGLESTEP, set RIP = 7f56c89f2d67 (lib addr)
[tracer] receive SIGSTOP from tracee (lib code), tracee finished a SINGLESTEP!
[tracer] after SINGLESTEP, RIP = 7f56c89f2d66
---------------------------------
[tracer] thread id = 460040, rip = 7f56c89d07d1
[tracer] before SINGLESTEP, set RIP = 7f56c89f2d67 (lib addr)
[tracer] receive SIGSTOP from tracee (lib code), tracee finished a SINGLESTEP!
[tracer] after SINGLESTEP, RIP = 7f56c89f2d66
---------------------------------
[tracer] thread id = 460041, rip = 7f56c89d07d1
[tracer] before SINGLESTEP, set RIP = 7f56c89f2d67 (lib addr)
[tracer] receive SIGSTOP from tracee (lib code), tracee finished a SINGLESTEP!
[tracer] after SINGLESTEP, RIP = 7f56c89f2d66
---------------------------------
[tracer] thread id = 460042, rip = 7f56c89d0376
[tracer] before SINGLESTEP, set RIP = 7f56c89f2d67 (lib addr)
[tracer] receive SIGSTOP from tracee (lib code), tracee finished a SINGLESTEP!
[tracer] after SINGLESTEP, RIP = 7f56c89f2d66
---------------------------------
[tracer] thread id = 460043, rip = 7f56c813b23f
[tracer] before SINGLESTEP, set RIP = 7f56c89f2d67 (lib addr)
[tracer] receive SIGSTOP from tracee (lib code), tracee finished a SINGLESTEP!
[tracer] after SINGLESTEP, RIP = 7f56c89f2d66
---------------------------------
[tracer] thread id = 460044, rip = 7f56c89d07d1
[tracer] before SINGLESTEP, set RIP = 7f56c89f2d67 (lib addr)
[tracer] receive SIGSTOP from tracee (lib code), tracee finished a SINGLESTEP!
[tracer] after SINGLESTEP, RIP = 7f56c89f2d66
---------------------------------
[tracer] thread id = 460045, rip = 7f56c89d07d1
[tracer] before SINGLESTEP, set RIP = 7f56c89f2d67 (lib addr)
[tracer] receive SIGSTOP from tracee (lib code), tracee finished a SINGLESTEP!
[tracer] after SINGLESTEP, RIP = 7f56c8